Classic Timing Analyzer report for MY_CONTROLEDADD
Sat Apr 13 10:51:27 2019
Quartus II Version 8.1 Build 163 10/28/2008 SJ Web Edition


---------------------
; Table of Contents ;
---------------------
  1. Legal Notice
  2. Timing Analyzer Summary
  3. Timing Analyzer Settings
  4. Clock Settings Summary
  5. Clock Setup: 'CK'
  6. tsu
  7. tco
  8. tpd
  9. th
 10. Timing Analyzer Messages



----------------
; Legal Notice ;
----------------
Copyright (C) 1991-2008 Altera Corporation
Your use of Altera Corporation's design tools, logic functions 
and other software and tools, and its AMPP partner logic 
functions, and any output files from any of the foregoing 
(including device programming or simulation files), and any 
associated documentation or information are expressly subject 
to the terms and conditions of the Altera Program License 
Subscription Agreement, Altera MegaCore Function License 
Agreement, or other applicable license agreement, including, 
without limitation, that your use is for the sole purpose of 
programming logic devices manufactured by Altera and sold by 
Altera or its authorized distributors.  Please refer to the 
applicable agreement for further details.



+-----------------------------------------------------------------------------------------------------------------------------------------------------------------------------------+
; Timing Analyzer Summary                                                                                                                                                           ;
+------------------------------+-------+---------------+----------------------------------+-------------------------+------------------------+------------+----------+--------------+
; Type                         ; Slack ; Required Time ; Actual Time                      ; From                    ; To                     ; From Clock ; To Clock ; Failed Paths ;
+------------------------------+-------+---------------+----------------------------------+-------------------------+------------------------+------------+----------+--------------+
; Worst-case tsu               ; N/A   ; None          ; 8.949 ns                         ; S1                      ; MY_REGISTER:inst2|inst ; --         ; CPR2     ; 0            ;
; Worst-case tco               ; N/A   ; None          ; 18.225 ns                        ; MY_REGISTER:inst2|inst7 ; y0                     ; CK         ; --       ; 0            ;
; Worst-case tpd               ; N/A   ; None          ; 17.111 ns                        ; LM                      ; y2                     ; --         ; --       ; 0            ;
; Worst-case th                ; N/A   ; None          ; 0.582 ns                         ; A7                      ; MY_REGISTER:inst|inst  ; --         ; CPR0     ; 0            ;
; Clock Setup: 'CK'            ; N/A   ; None          ; 125.80 MHz ( period = 7.949 ns ) ; MY_REGISTER:inst|inst5  ; MY_REGISTER:inst2|inst ; CK         ; CK       ; 0            ;
; Total number of failed paths ;       ;               ;                                  ;                         ;                        ;            ;          ; 0            ;
+------------------------------+-------+---------------+----------------------------------+-------------------------+------------------------+------------+----------+--------------+


+--------------------------------------------------------------------------------------------------------------------+
; Timing Analyzer Settings                                                                                           ;
+---------------------------------------------------------------------+--------------------+------+----+-------------+
; Option                                                              ; Setting            ; From ; To ; Entity Name ;
+---------------------------------------------------------------------+--------------------+------+----+-------------+
; Device Name                                                         ; EP2C8Q208C8        ;      ;    ;             ;
; Timing Models                                                       ; Final              ;      ;    ;             ;
; Default hold multicycle                                             ; Same as Multicycle ;      ;    ;             ;
; Cut paths between unrelated clock domains                           ; On                 ;      ;    ;             ;
; Cut off read during write signal paths                              ; On                 ;      ;    ;             ;
; Cut off feedback from I/O pins                                      ; On                 ;      ;    ;             ;
; Report Combined Fast/Slow Timing                                    ; Off                ;      ;    ;             ;
; Ignore Clock Settings                                               ; Off                ;      ;    ;             ;
; Analyze latches as synchronous elements                             ; On                 ;      ;    ;             ;
; Enable Recovery/Removal analysis                                    ; Off                ;      ;    ;             ;
; Enable Clock Latency                                                ; Off                ;      ;    ;             ;
; Use TimeQuest Timing Analyzer                                       ; Off                ;      ;    ;             ;
; Minimum Core Junction Temperature                                   ; 0                  ;      ;    ;             ;
; Maximum Core Junction Temperature                                   ; 85                 ;      ;    ;             ;
; Number of source nodes to report per destination node               ; 10                 ;      ;    ;             ;
; Number of destination nodes to report                               ; 10                 ;      ;    ;             ;
; Number of paths to report                                           ; 200                ;      ;    ;             ;
; Report Minimum Timing Checks                                        ; Off                ;      ;    ;             ;
; Use Fast Timing Models                                              ; Off                ;      ;    ;             ;
; Report IO Paths Separately                                          ; Off                ;      ;    ;             ;
; Perform Multicorner Analysis                                        ; On                 ;      ;    ;             ;
; Reports the worst-case path for each clock domain and analysis      ; Off                ;      ;    ;             ;
; Removes common clock path pessimism (CCPP) during slack computation ; Off                ;      ;    ;             ;
; Output I/O Timing Endpoint                                          ; Near End           ;      ;    ;             ;
+---------------------------------------------------------------------+--------------------+------+----+-------------+


+------------------------------------------------------------------------------------------------------------------------------------------------------------------------------------+
; Clock Settings Summary                                                                                                                                                             ;
+-----------------+--------------------+----------+------------------+---------------+--------------+----------+-----------------------+---------------------+--------+--------------+
; Clock Node Name ; Clock Setting Name ; Type     ; Fmax Requirement ; Early Latency ; Late Latency ; Based on ; Multiply Base Fmax by ; Divide Base Fmax by ; Offset ; Phase offset ;
+-----------------+--------------------+----------+------------------+---------------+--------------+----------+-----------------------+---------------------+--------+--------------+
; CK              ;                    ; User Pin ; None             ; 0.000 ns      ; 0.000 ns     ; --       ; N/A                   ; N/A                 ; N/A    ;              ;
; CPR2            ;                    ; User Pin ; None             ; 0.000 ns      ; 0.000 ns     ; --       ; N/A                   ; N/A                 ; N/A    ;              ;
; CPR1            ;                    ; User Pin ; None             ; 0.000 ns      ; 0.000 ns     ; --       ; N/A                   ; N/A                 ; N/A    ;              ;
; CPR0            ;                    ; User Pin ; None             ; 0.000 ns      ; 0.000 ns     ; --       ; N/A                   ; N/A                 ; N/A    ;              ;
+-----------------+--------------------+----------+------------------+---------------+--------------+----------+-----------------------+---------------------+--------+--------------+


+--------------------------------------------------------------------------------------------------------------------------------------------------------------------------------------------------------------------------------------------------------+
; Clock Setup: 'CK'                                                                                                                                                                                                                                      ;
+-------+------------------------------------------------+-----------------------------------------+-----------------------------------------+------------+----------+-----------------------------+---------------------------+-------------------------+
; Slack ; Actual fmax (period)                           ; From                                    ; To                                      ; From Clock ; To Clock ; Required Setup Relationship ; Required Longest P2P Time ; Actual Longest P2P Time ;
+-------+------------------------------------------------+-----------------------------------------+-----------------------------------------+------------+----------+-----------------------------+---------------------------+-------------------------+
; N/A   ; 125.80 MHz ( period = 7.949 ns )               ; MY_REGISTER:inst|inst5                  ; MY_REGISTER:inst2|inst                  ; CK         ; CK       ; None                        ; None                      ; 7.247 ns                ;
; N/A   ; 128.77 MHz ( period = 7.766 ns )               ; MY_REGISTER:inst|inst4                  ; MY_REGISTER:inst2|inst                  ; CK         ; CK       ; None                        ; None                      ; 7.064 ns                ;
; N/A   ; 129.30 MHz ( period = 7.734 ns )               ; MY_REGISTER:inst|inst2                  ; MY_REGISTER:inst2|inst                  ; CK         ; CK       ; None                        ; None                      ; 7.032 ns                ;
; N/A   ; 130.26 MHz ( period = 7.677 ns )               ; MY_REGISTER:inst|inst7                  ; MY_REGISTER:inst2|inst                  ; CK         ; CK       ; None                        ; None                      ; 6.975 ns                ;
; N/A   ; 134.28 MHz ( period = 7.447 ns )               ; MY_REGISTER:inst1|inst4                 ; MY_REGISTER:inst2|inst                  ; CK         ; CK       ; None                        ; None                      ; 8.203 ns                ;
; N/A   ; 135.54 MHz ( period = 7.378 ns )               ; MY_REGISTER:inst|inst5                  ; MY_REGISTER:inst2|inst1                 ; CK         ; CK       ; None                        ; None                      ; 6.676 ns                ;
; N/A   ; 137.46 MHz ( period = 7.275 ns )               ; MY_REGISTER:inst|inst6                  ; MY_REGISTER:inst2|inst                  ; CK         ; CK       ; None                        ; None                      ; 6.573 ns                ;
; N/A   ; 138.99 MHz ( period = 7.195 ns )               ; MY_REGISTER:inst|inst4                  ; MY_REGISTER:inst2|inst1                 ; CK         ; CK       ; None                        ; None                      ; 6.493 ns                ;
; N/A   ; 139.61 MHz ( period = 7.163 ns )               ; MY_REGISTER:inst|inst2                  ; MY_REGISTER:inst2|inst1                 ; CK         ; CK       ; None                        ; None                      ; 6.461 ns                ;
; N/A   ; 140.73 MHz ( period = 7.106 ns )               ; MY_REGISTER:inst|inst7                  ; MY_REGISTER:inst2|inst1                 ; CK         ; CK       ; None                        ; None                      ; 6.404 ns                ;
; N/A   ; 142.49 MHz ( period = 7.018 ns )               ; MY_REGISTER:inst1|inst5                 ; MY_REGISTER:inst2|inst                  ; CK         ; CK       ; None                        ; None                      ; 7.774 ns                ;
; N/A   ; 143.08 MHz ( period = 6.989 ns )               ; MY_REGISTER:inst|inst5                  ; MY_REGISTER:inst2|inst2                 ; CK         ; CK       ; None                        ; None                      ; 6.282 ns                ;
; N/A   ; 144.05 MHz ( period = 6.942 ns )               ; MY_REGISTER:inst1|inst7                 ; MY_REGISTER:inst2|inst                  ; CK         ; CK       ; None                        ; None                      ; 7.698 ns                ;
; N/A   ; 144.26 MHz ( period = 6.932 ns )               ; MY_REGISTER:inst|inst3                  ; MY_REGISTER:inst2|inst                  ; CK         ; CK       ; None                        ; None                      ; 6.230 ns                ;
; N/A   ; 145.43 MHz ( period = 6.876 ns )               ; MY_REGISTER:inst1|inst4                 ; MY_REGISTER:inst2|inst1                 ; CK         ; CK       ; None                        ; None                      ; 7.632 ns                ;
; N/A   ; 146.61 MHz ( period = 6.821 ns )               ; MY_REGISTER:inst1|inst2                 ; MY_REGISTER:inst2|inst                  ; CK         ; CK       ; None                        ; None                      ; 7.577 ns                ;
; N/A   ; 146.93 MHz ( period = 6.806 ns )               ; MY_REGISTER:inst|inst4                  ; MY_REGISTER:inst2|inst2                 ; CK         ; CK       ; None                        ; None                      ; 6.099 ns                ;
; N/A   ; 148.88 MHz ( period = 6.717 ns )               ; MY_REGISTER:inst|inst7                  ; MY_REGISTER:inst2|inst2                 ; CK         ; CK       ; None                        ; None                      ; 6.010 ns                ;
; N/A   ; 149.16 MHz ( period = 6.704 ns )               ; MY_REGISTER:inst|inst6                  ; MY_REGISTER:inst2|inst1                 ; CK         ; CK       ; None                        ; None                      ; 6.002 ns                ;
; N/A   ; 154.13 MHz ( period = 6.488 ns )               ; MY_REGISTER:inst1|inst6                 ; MY_REGISTER:inst2|inst                  ; CK         ; CK       ; None                        ; None                      ; 7.244 ns                ;
; N/A   ; 154.15 MHz ( period = 6.487 ns )               ; MY_REGISTER:inst1|inst4                 ; MY_REGISTER:inst2|inst2                 ; CK         ; CK       ; None                        ; None                      ; 7.238 ns                ;
; N/A   ; 155.11 MHz ( period = 6.447 ns )               ; MY_REGISTER:inst1|inst5                 ; MY_REGISTER:inst2|inst1                 ; CK         ; CK       ; None                        ; None                      ; 7.203 ns                ;
; N/A   ; 155.67 MHz ( period = 6.424 ns )               ; MY_REGISTER:inst|inst5                  ; MY_REGISTER:inst2|inst3                 ; CK         ; CK       ; None                        ; None                      ; 5.717 ns                ;
; N/A   ; 156.96 MHz ( period = 6.371 ns )               ; MY_REGISTER:inst1|inst7                 ; MY_REGISTER:inst2|inst1                 ; CK         ; CK       ; None                        ; None                      ; 7.127 ns                ;
; N/A   ; 157.21 MHz ( period = 6.361 ns )               ; MY_REGISTER:inst|inst3                  ; MY_REGISTER:inst2|inst1                 ; CK         ; CK       ; None                        ; None                      ; 5.659 ns                ;
; N/A   ; 158.35 MHz ( period = 6.315 ns )               ; MY_REGISTER:inst|inst6                  ; MY_REGISTER:inst2|inst2                 ; CK         ; CK       ; None                        ; None                      ; 5.608 ns                ;
; N/A   ; 158.73 MHz ( period = 6.300 ns )               ; MY_REGISTER:inst|inst7                  ; MY_REGISTER:inst2|inst4                 ; CK         ; CK       ; None                        ; None                      ; 5.593 ns                ;
; N/A   ; 160.00 MHz ( period = 6.250 ns )               ; MY_REGISTER:inst1|inst2                 ; MY_REGISTER:inst2|inst1                 ; CK         ; CK       ; None                        ; None                      ; 7.006 ns                ;
; N/A   ; 160.23 MHz ( period = 6.241 ns )               ; MY_REGISTER:inst|inst4                  ; MY_REGISTER:inst2|inst3                 ; CK         ; CK       ; None                        ; None                      ; 5.534 ns                ;
; N/A   ; 162.55 MHz ( period = 6.152 ns )               ; MY_REGISTER:inst|inst7                  ; MY_REGISTER:inst2|inst3                 ; CK         ; CK       ; None                        ; None                      ; 5.445 ns                ;
; N/A   ; 165.07 MHz ( period = 6.058 ns )               ; MY_REGISTER:inst1|inst5                 ; MY_REGISTER:inst2|inst2                 ; CK         ; CK       ; None                        ; None                      ; 6.809 ns                ;
; N/A   ; 167.17 MHz ( period = 5.982 ns )               ; MY_REGISTER:inst1|inst7                 ; MY_REGISTER:inst2|inst2                 ; CK         ; CK       ; None                        ; None                      ; 6.733 ns                ;
; N/A   ; 168.86 MHz ( period = 5.922 ns )               ; MY_REGISTER:inst1|inst4                 ; MY_REGISTER:inst2|inst3                 ; CK         ; CK       ; None                        ; None                      ; 6.673 ns                ;
; N/A   ; 169.00 MHz ( period = 5.917 ns )               ; MY_REGISTER:inst1|inst6                 ; MY_REGISTER:inst2|inst1                 ; CK         ; CK       ; None                        ; None                      ; 6.673 ns                ;
; N/A   ; 169.55 MHz ( period = 5.898 ns )               ; MY_REGISTER:inst|inst6                  ; MY_REGISTER:inst2|inst4                 ; CK         ; CK       ; None                        ; None                      ; 5.191 ns                ;
; N/A   ; 173.91 MHz ( period = 5.750 ns )               ; MY_REGISTER:inst|inst6                  ; MY_REGISTER:inst2|inst3                 ; CK         ; CK       ; None                        ; None                      ; 5.043 ns                ;
; N/A   ; 174.31 MHz ( period = 5.737 ns )               ; MY_REGISTER:inst|inst7                  ; MY_REGISTER:inst2|inst5                 ; CK         ; CK       ; None                        ; None                      ; 5.030 ns                ;
; N/A   ; 178.00 MHz ( period = 5.618 ns )               ; MY_REGISTER:inst1|inst3                 ; MY_REGISTER:inst2|inst                  ; CK         ; CK       ; None                        ; None                      ; 6.374 ns                ;
; N/A   ; 179.69 MHz ( period = 5.565 ns )               ; MY_REGISTER:inst1|inst7                 ; MY_REGISTER:inst2|inst4                 ; CK         ; CK       ; None                        ; None                      ; 6.316 ns                ;
; N/A   ; 180.90 MHz ( period = 5.528 ns )               ; MY_REGISTER:inst1|inst6                 ; MY_REGISTER:inst2|inst2                 ; CK         ; CK       ; None                        ; None                      ; 6.279 ns                ;
; N/A   ; 182.05 MHz ( period = 5.493 ns )               ; MY_REGISTER:inst1|inst5                 ; MY_REGISTER:inst2|inst3                 ; CK         ; CK       ; None                        ; None                      ; 6.244 ns                ;
; N/A   ; 183.69 MHz ( period = 5.444 ns )               ; MY_REGISTER:inst|inst7                  ; MY_REGISTER:inst2|inst6                 ; CK         ; CK       ; None                        ; None                      ; 4.738 ns                ;
; N/A   ; 184.60 MHz ( period = 5.417 ns )               ; MY_REGISTER:inst1|inst7                 ; MY_REGISTER:inst2|inst3                 ; CK         ; CK       ; None                        ; None                      ; 6.168 ns                ;
; N/A   ; 187.44 MHz ( period = 5.335 ns )               ; MY_REGISTER:inst|inst6                  ; MY_REGISTER:inst2|inst5                 ; CK         ; CK       ; None                        ; None                      ; 4.628 ns                ;
; N/A   ; 195.66 MHz ( period = 5.111 ns )               ; MY_REGISTER:inst1|inst6                 ; MY_REGISTER:inst2|inst4                 ; CK         ; CK       ; None                        ; None                      ; 5.862 ns                ;
; N/A   ; 198.14 MHz ( period = 5.047 ns )               ; MY_REGISTER:inst1|inst3                 ; MY_REGISTER:inst2|inst1                 ; CK         ; CK       ; None                        ; None                      ; 5.803 ns                ;
; N/A   ; 199.92 MHz ( period = 5.002 ns )               ; MY_REGISTER:inst1|inst7                 ; MY_REGISTER:inst2|inst5                 ; CK         ; CK       ; None                        ; None                      ; 5.753 ns                ;
; N/A   ; 201.49 MHz ( period = 4.963 ns )               ; MY_REGISTER:inst1|inst6                 ; MY_REGISTER:inst2|inst3                 ; CK         ; CK       ; None                        ; None                      ; 5.714 ns                ;
; N/A   ; 219.88 MHz ( period = 4.548 ns )               ; MY_REGISTER:inst1|inst6                 ; MY_REGISTER:inst2|inst5                 ; CK         ; CK       ; None                        ; None                      ; 5.299 ns                ;
; N/A   ; 220.41 MHz ( period = 4.537 ns )               ; MY_REGISTER:inst|inst                   ; MY_REGISTER:inst2|inst                  ; CK         ; CK       ; None                        ; None                      ; 3.829 ns                ;
; N/A   ; 237.36 MHz ( period = 4.213 ns )               ; MY_REGISTER:inst|inst1                  ; MY_REGISTER:inst2|inst                  ; CK         ; CK       ; None                        ; None                      ; 3.505 ns                ;
; N/A   ; 243.61 MHz ( period = 4.105 ns )               ; MY_REGISTER:inst1|inst1                 ; MY_REGISTER:inst2|inst                  ; CK         ; CK       ; None                        ; None                      ; 4.861 ns                ;
; N/A   ; 243.72 MHz ( period = 4.103 ns )               ; MY_REGISTER:inst|inst3                  ; MY_REGISTER:inst2|inst2                 ; CK         ; CK       ; None                        ; None                      ; 3.396 ns                ;
; N/A   ; 244.38 MHz ( period = 4.092 ns )               ; MY_REGISTER:inst|inst2                  ; MY_REGISTER:inst2|inst2                 ; CK         ; CK       ; None                        ; None                      ; 3.385 ns                ;
; N/A   ; 244.50 MHz ( period = 4.090 ns )               ; MY_REGISTER:inst|inst5                  ; MY_REGISTER:inst2|inst4                 ; CK         ; CK       ; None                        ; None                      ; 3.383 ns                ;
; N/A   ; 248.26 MHz ( period = 4.028 ns )               ; MY_REGISTER:inst|inst6                  ; MY_REGISTER:inst2|inst6                 ; CK         ; CK       ; None                        ; None                      ; 3.322 ns                ;
; N/A   ; 264.55 MHz ( period = 3.780 ns )               ; MY_REGISTER:inst|inst7                  ; MY_REGISTER:inst2|inst7                 ; CK         ; CK       ; None                        ; None                      ; 3.066 ns                ;
; N/A   ; 270.27 MHz ( period = 3.700 ns )               ; MY_REGISTER:inst1|inst7                 ; MY_REGISTER:inst2|inst6                 ; CK         ; CK       ; None                        ; None                      ; 4.452 ns                ;
; N/A   ; 273.22 MHz ( period = 3.660 ns )               ; MY_REGISTER:inst|inst4                  ; MY_REGISTER:inst2|inst4                 ; CK         ; CK       ; None                        ; None                      ; 2.953 ns                ;
; N/A   ; 274.65 MHz ( period = 3.641 ns )               ; MY_REGISTER:inst|inst1                  ; MY_REGISTER:inst2|inst1                 ; CK         ; CK       ; None                        ; None                      ; 2.933 ns                ;
; N/A   ; 282.01 MHz ( period = 3.546 ns )               ; MY_REGISTER:inst|inst3                  ; MY_REGISTER:inst2|inst3                 ; CK         ; CK       ; None                        ; None                      ; 2.839 ns                ;
; N/A   ; 282.81 MHz ( period = 3.536 ns )               ; MY_REGISTER:inst1|inst1                 ; MY_REGISTER:inst2|inst1                 ; CK         ; CK       ; None                        ; None                      ; 4.292 ns                ;
; N/A   ; 282.97 MHz ( period = 3.534 ns )               ; MY_REGISTER:inst|inst5                  ; MY_REGISTER:inst2|inst5                 ; CK         ; CK       ; None                        ; None                      ; 2.827 ns                ;
; N/A   ; 288.85 MHz ( period = 3.462 ns )               ; MY_REGISTER:inst1|inst4                 ; MY_REGISTER:inst2|inst4                 ; CK         ; CK       ; None                        ; None                      ; 4.213 ns                ;
; N/A   ; 307.41 MHz ( period = 3.253 ns )               ; MY_REGISTER:inst1|inst5                 ; MY_REGISTER:inst2|inst4                 ; CK         ; CK       ; None                        ; None                      ; 4.004 ns                ;
; N/A   ; 330.36 MHz ( period = 3.027 ns )               ; MY_REGISTER:inst1|inst6                 ; MY_REGISTER:inst2|inst6                 ; CK         ; CK       ; None                        ; None                      ; 3.779 ns                ;
; N/A   ; Restricted to 340.02 MHz ( period = 2.941 ns ) ; MY_SCOUNTER8:inst4|SOUNTER2:inst3|inst1 ; MY_SCOUNTER8:inst4|SOUNTER2:inst|inst1  ; CK         ; CK       ; None                        ; None                      ; 2.676 ns                ;
; N/A   ; Restricted to 340.02 MHz ( period = 2.941 ns ) ; MY_SCOUNTER8:inst4|SOUNTER2:inst3|inst1 ; MY_SCOUNTER8:inst4|SOUNTER2:inst|inst   ; CK         ; CK       ; None                        ; None                      ; 2.675 ns                ;
; N/A   ; Restricted to 340.02 MHz ( period = 2.941 ns ) ; MY_REGISTER:inst1|inst                  ; MY_REGISTER:inst2|inst                  ; CK         ; CK       ; None                        ; None                      ; 3.589 ns                ;
; N/A   ; Restricted to 340.02 MHz ( period = 2.941 ns ) ; MY_REGISTER:inst1|inst3                 ; MY_REGISTER:inst2|inst2                 ; CK         ; CK       ; None                        ; None                      ; 3.472 ns                ;
; N/A   ; Restricted to 340.02 MHz ( period = 2.941 ns ) ; MY_REGISTER:inst1|inst2                 ; MY_REGISTER:inst2|inst2                 ; CK         ; CK       ; None                        ; None                      ; 3.443 ns                ;
; N/A   ; Restricted to 340.02 MHz ( period = 2.941 ns ) ; MY_REGISTER:inst1|inst5                 ; MY_REGISTER:inst2|inst5                 ; CK         ; CK       ; None                        ; None                      ; 3.434 ns                ;
; N/A   ; Restricted to 340.02 MHz ( period = 2.941 ns ) ; MY_REGISTER:inst1|inst7                 ; MY_REGISTER:inst2|inst7                 ; CK         ; CK       ; None                        ; None                      ; 3.357 ns                ;
; N/A   ; Restricted to 340.02 MHz ( period = 2.941 ns ) ; MY_SCOUNTER8:inst4|SOUNTER2:inst3|inst  ; MY_SCOUNTER8:inst4|SOUNTER2:inst|inst1  ; CK         ; CK       ; None                        ; None                      ; 2.348 ns                ;
; N/A   ; Restricted to 340.02 MHz ( period = 2.941 ns ) ; MY_SCOUNTER8:inst4|SOUNTER2:inst3|inst  ; MY_SCOUNTER8:inst4|SOUNTER2:inst|inst   ; CK         ; CK       ; None                        ; None                      ; 2.347 ns                ;
; N/A   ; Restricted to 340.02 MHz ( period = 2.941 ns ) ; MY_SCOUNTER8:inst4|SOUNTER2:inst2|inst1 ; MY_SCOUNTER8:inst4|SOUNTER2:inst2|inst  ; CK         ; CK       ; None                        ; None                      ; 2.163 ns                ;
; N/A   ; Restricted to 340.02 MHz ( period = 2.941 ns ) ; MY_SCOUNTER8:inst4|SOUNTER2:inst2|inst1 ; MY_SCOUNTER8:inst4|SOUNTER2:inst|inst1  ; CK         ; CK       ; None                        ; None                      ; 2.116 ns                ;
; N/A   ; Restricted to 340.02 MHz ( period = 2.941 ns ) ; MY_SCOUNTER8:inst4|SOUNTER2:inst2|inst1 ; MY_SCOUNTER8:inst4|SOUNTER2:inst|inst   ; CK         ; CK       ; None                        ; None                      ; 2.115 ns                ;
; N/A   ; Restricted to 340.02 MHz ( period = 2.941 ns ) ; MY_SCOUNTER8:inst4|SOUNTER2:inst3|inst1 ; MY_SCOUNTER8:inst4|SOUNTER2:inst1|inst  ; CK         ; CK       ; None                        ; None                      ; 2.087 ns                ;
; N/A   ; Restricted to 340.02 MHz ( period = 2.941 ns ) ; MY_SCOUNTER8:inst4|SOUNTER2:inst3|inst1 ; MY_SCOUNTER8:inst4|SOUNTER2:inst1|inst1 ; CK         ; CK       ; None                        ; None                      ; 2.084 ns                ;
; N/A   ; Restricted to 340.02 MHz ( period = 2.941 ns ) ; MY_SCOUNTER8:inst4|SOUNTER2:inst2|inst  ; MY_SCOUNTER8:inst4|SOUNTER2:inst|inst1  ; CK         ; CK       ; None                        ; None                      ; 1.944 ns                ;
; N/A   ; Restricted to 340.02 MHz ( period = 2.941 ns ) ; MY_SCOUNTER8:inst4|SOUNTER2:inst2|inst  ; MY_SCOUNTER8:inst4|SOUNTER2:inst|inst   ; CK         ; CK       ; None                        ; None                      ; 1.943 ns                ;
; N/A   ; Restricted to 340.02 MHz ( period = 2.941 ns ) ; MY_REGISTER:inst1|inst3                 ; MY_REGISTER:inst2|inst3                 ; CK         ; CK       ; None                        ; None                      ; 2.907 ns                ;
; N/A   ; Restricted to 340.02 MHz ( period = 2.941 ns ) ; MY_SCOUNTER8:inst4|SOUNTER2:inst1|inst  ; MY_SCOUNTER8:inst4|SOUNTER2:inst|inst1  ; CK         ; CK       ; None                        ; None                      ; 1.789 ns                ;
; N/A   ; Restricted to 340.02 MHz ( period = 2.941 ns ) ; MY_SCOUNTER8:inst4|SOUNTER2:inst1|inst  ; MY_SCOUNTER8:inst4|SOUNTER2:inst|inst   ; CK         ; CK       ; None                        ; None                      ; 1.788 ns                ;
; N/A   ; Restricted to 340.02 MHz ( period = 2.941 ns ) ; MY_SCOUNTER8:inst4|SOUNTER2:inst3|inst  ; MY_SCOUNTER8:inst4|SOUNTER2:inst1|inst  ; CK         ; CK       ; None                        ; None                      ; 1.759 ns                ;
; N/A   ; Restricted to 340.02 MHz ( period = 2.941 ns ) ; MY_SCOUNTER8:inst4|SOUNTER2:inst3|inst  ; MY_SCOUNTER8:inst4|SOUNTER2:inst1|inst1 ; CK         ; CK       ; None                        ; None                      ; 1.756 ns                ;
; N/A   ; Restricted to 340.02 MHz ( period = 2.941 ns ) ; MY_SCOUNTER8:inst4|SOUNTER2:inst3|inst1 ; MY_SCOUNTER8:inst4|SOUNTER2:inst2|inst  ; CK         ; CK       ; None                        ; None                      ; 1.528 ns                ;
; N/A   ; Restricted to 340.02 MHz ( period = 2.941 ns ) ; MY_SCOUNTER8:inst4|SOUNTER2:inst2|inst1 ; MY_SCOUNTER8:inst4|SOUNTER2:inst1|inst  ; CK         ; CK       ; None                        ; None                      ; 1.527 ns                ;
; N/A   ; Restricted to 340.02 MHz ( period = 2.941 ns ) ; MY_SCOUNTER8:inst4|SOUNTER2:inst1|inst1 ; MY_SCOUNTER8:inst4|SOUNTER2:inst|inst1  ; CK         ; CK       ; None                        ; None                      ; 1.526 ns                ;
; N/A   ; Restricted to 340.02 MHz ( period = 2.941 ns ) ; MY_SCOUNTER8:inst4|SOUNTER2:inst1|inst1 ; MY_SCOUNTER8:inst4|SOUNTER2:inst|inst   ; CK         ; CK       ; None                        ; None                      ; 1.525 ns                ;
; N/A   ; Restricted to 340.02 MHz ( period = 2.941 ns ) ; MY_SCOUNTER8:inst4|SOUNTER2:inst2|inst1 ; MY_SCOUNTER8:inst4|SOUNTER2:inst1|inst1 ; CK         ; CK       ; None                        ; None                      ; 1.524 ns                ;
; N/A   ; Restricted to 340.02 MHz ( period = 2.941 ns ) ; MY_SCOUNTER8:inst4|SOUNTER2:inst3|inst  ; MY_SCOUNTER8:inst4|SOUNTER2:inst2|inst  ; CK         ; CK       ; None                        ; None                      ; 1.360 ns                ;
; N/A   ; Restricted to 340.02 MHz ( period = 2.941 ns ) ; MY_SCOUNTER8:inst4|SOUNTER2:inst2|inst  ; MY_SCOUNTER8:inst4|SOUNTER2:inst1|inst  ; CK         ; CK       ; None                        ; None                      ; 1.355 ns                ;
; N/A   ; Restricted to 340.02 MHz ( period = 2.941 ns ) ; MY_SCOUNTER8:inst4|SOUNTER2:inst2|inst  ; MY_SCOUNTER8:inst4|SOUNTER2:inst1|inst1 ; CK         ; CK       ; None                        ; None                      ; 1.352 ns                ;
; N/A   ; Restricted to 340.02 MHz ( period = 2.941 ns ) ; MY_SCOUNTER8:inst4|SOUNTER2:inst1|inst1 ; MY_SCOUNTER8:inst4|SOUNTER2:inst1|inst  ; CK         ; CK       ; None                        ; None                      ; 1.239 ns                ;
; N/A   ; Restricted to 340.02 MHz ( period = 2.941 ns ) ; MY_SCOUNTER8:inst4|SOUNTER2:inst3|inst1 ; MY_SCOUNTER8:inst4|SOUNTER2:inst2|inst1 ; CK         ; CK       ; None                        ; None                      ; 1.195 ns                ;
; N/A   ; Restricted to 340.02 MHz ( period = 2.941 ns ) ; MY_SCOUNTER8:inst4|SOUNTER2:inst3|inst1 ; MY_SCOUNTER8:inst4|SOUNTER2:inst3|inst  ; CK         ; CK       ; None                        ; None                      ; 1.192 ns                ;
; N/A   ; Restricted to 340.02 MHz ( period = 2.941 ns ) ; MY_SCOUNTER8:inst4|SOUNTER2:inst|inst1  ; MY_SCOUNTER8:inst4|SOUNTER2:inst|inst   ; CK         ; CK       ; None                        ; None                      ; 1.186 ns                ;
; N/A   ; Restricted to 340.02 MHz ( period = 2.941 ns ) ; MY_SCOUNTER8:inst4|SOUNTER2:inst3|inst  ; MY_SCOUNTER8:inst4|SOUNTER2:inst2|inst1 ; CK         ; CK       ; None                        ; None                      ; 0.773 ns                ;
; N/A   ; Restricted to 340.02 MHz ( period = 2.941 ns ) ; MY_SCOUNTER8:inst4|SOUNTER2:inst3|inst1 ; MY_SCOUNTER8:inst4|SOUNTER2:inst3|inst1 ; CK         ; CK       ; None                        ; None                      ; 0.501 ns                ;
; N/A   ; Restricted to 340.02 MHz ( period = 2.941 ns ) ; MY_SCOUNTER8:inst4|SOUNTER2:inst3|inst  ; MY_SCOUNTER8:inst4|SOUNTER2:inst3|inst  ; CK         ; CK       ; None                        ; None                      ; 0.501 ns                ;
; N/A   ; Restricted to 340.02 MHz ( period = 2.941 ns ) ; MY_SCOUNTER8:inst4|SOUNTER2:inst2|inst1 ; MY_SCOUNTER8:inst4|SOUNTER2:inst2|inst1 ; CK         ; CK       ; None                        ; None                      ; 0.501 ns                ;
; N/A   ; Restricted to 340.02 MHz ( period = 2.941 ns ) ; MY_SCOUNTER8:inst4|SOUNTER2:inst2|inst  ; MY_SCOUNTER8:inst4|SOUNTER2:inst2|inst  ; CK         ; CK       ; None                        ; None                      ; 0.501 ns                ;
; N/A   ; Restricted to 340.02 MHz ( period = 2.941 ns ) ; MY_SCOUNTER8:inst4|SOUNTER2:inst1|inst1 ; MY_SCOUNTER8:inst4|SOUNTER2:inst1|inst1 ; CK         ; CK       ; None                        ; None                      ; 0.501 ns                ;
; N/A   ; Restricted to 340.02 MHz ( period = 2.941 ns ) ; MY_SCOUNTER8:inst4|SOUNTER2:inst1|inst  ; MY_SCOUNTER8:inst4|SOUNTER2:inst1|inst  ; CK         ; CK       ; None                        ; None                      ; 0.501 ns                ;
; N/A   ; Restricted to 340.02 MHz ( period = 2.941 ns ) ; MY_SCOUNTER8:inst4|SOUNTER2:inst|inst1  ; MY_SCOUNTER8:inst4|SOUNTER2:inst|inst1  ; CK         ; CK       ; None                        ; None                      ; 0.501 ns                ;
; N/A   ; Restricted to 340.02 MHz ( period = 2.941 ns ) ; MY_SCOUNTER8:inst4|SOUNTER2:inst|inst   ; MY_SCOUNTER8:inst4|SOUNTER2:inst|inst   ; CK         ; CK       ; None                        ; None                      ; 0.501 ns                ;
+-------+------------------------------------------------+-----------------------------------------+-----------------------------------------+------------+----------+-----------------------------+---------------------------+-------------------------+


+-----------------------------------------------------------------------------------------------+
; tsu                                                                                           ;
+-------+--------------+------------+------+-----------------------------------------+----------+
; Slack ; Required tsu ; Actual tsu ; From ; To                                      ; To Clock ;
+-------+--------------+------------+------+-----------------------------------------+----------+
; N/A   ; None         ; 8.949 ns   ; S1   ; MY_REGISTER:inst2|inst                  ; CPR2     ;
; N/A   ; None         ; 8.378 ns   ; S1   ; MY_REGISTER:inst2|inst1                 ; CPR2     ;
; N/A   ; None         ; 8.353 ns   ; S0   ; MY_REGISTER:inst2|inst                  ; CPR2     ;
; N/A   ; None         ; 8.202 ns   ; S2   ; MY_REGISTER:inst2|inst                  ; CPR2     ;
; N/A   ; None         ; 8.076 ns   ; S1   ; MY_REGISTER:inst2|inst                  ; CK       ;
; N/A   ; None         ; 8.062 ns   ; S3   ; MY_REGISTER:inst2|inst                  ; CPR2     ;
; N/A   ; None         ; 7.952 ns   ; S1   ; MY_REGISTER:inst2|inst2                 ; CPR2     ;
; N/A   ; None         ; 7.782 ns   ; S0   ; MY_REGISTER:inst2|inst1                 ; CPR2     ;
; N/A   ; None         ; 7.631 ns   ; S2   ; MY_REGISTER:inst2|inst1                 ; CPR2     ;
; N/A   ; None         ; 7.505 ns   ; S1   ; MY_REGISTER:inst2|inst1                 ; CK       ;
; N/A   ; None         ; 7.491 ns   ; S3   ; MY_REGISTER:inst2|inst1                 ; CPR2     ;
; N/A   ; None         ; 7.480 ns   ; S0   ; MY_REGISTER:inst2|inst                  ; CK       ;
; N/A   ; None         ; 7.387 ns   ; S1   ; MY_REGISTER:inst2|inst3                 ; CPR2     ;
; N/A   ; None         ; 7.360 ns   ; S0   ; MY_REGISTER:inst2|inst2                 ; CPR2     ;
; N/A   ; None         ; 7.329 ns   ; S2   ; MY_REGISTER:inst2|inst                  ; CK       ;
; N/A   ; None         ; 7.242 ns   ; S2   ; MY_REGISTER:inst2|inst2                 ; CPR2     ;
; N/A   ; None         ; 7.189 ns   ; S3   ; MY_REGISTER:inst2|inst                  ; CK       ;
; N/A   ; None         ; 7.131 ns   ; S1   ; MY_REGISTER:inst2|inst4                 ; CPR2     ;
; N/A   ; None         ; 7.102 ns   ; S3   ; MY_REGISTER:inst2|inst2                 ; CPR2     ;
; N/A   ; None         ; 7.079 ns   ; S1   ; MY_REGISTER:inst2|inst2                 ; CK       ;
; N/A   ; None         ; 6.909 ns   ; S0   ; MY_REGISTER:inst2|inst1                 ; CK       ;
; N/A   ; None         ; 6.816 ns   ; S2   ; MY_REGISTER:inst2|inst4                 ; CPR2     ;
; N/A   ; None         ; 6.795 ns   ; S0   ; MY_REGISTER:inst2|inst3                 ; CPR2     ;
; N/A   ; None         ; 6.758 ns   ; S2   ; MY_REGISTER:inst2|inst1                 ; CK       ;
; N/A   ; None         ; 6.685 ns   ; S3   ; MY_REGISTER:inst2|inst4                 ; CPR2     ;
; N/A   ; None         ; 6.677 ns   ; S2   ; MY_REGISTER:inst2|inst3                 ; CPR2     ;
; N/A   ; None         ; 6.618 ns   ; S3   ; MY_REGISTER:inst2|inst1                 ; CK       ;
; N/A   ; None         ; 6.568 ns   ; S1   ; MY_REGISTER:inst2|inst5                 ; CPR2     ;
; N/A   ; None         ; 6.545 ns   ; S0   ; MY_REGISTER:inst2|inst4                 ; CPR2     ;
; N/A   ; None         ; 6.537 ns   ; S3   ; MY_REGISTER:inst2|inst3                 ; CPR2     ;
; N/A   ; None         ; 6.514 ns   ; S1   ; MY_REGISTER:inst2|inst3                 ; CK       ;
; N/A   ; None         ; 6.487 ns   ; S0   ; MY_REGISTER:inst2|inst2                 ; CK       ;
; N/A   ; None         ; 6.391 ns   ; CN   ; MY_REGISTER:inst2|inst                  ; CPR2     ;
; N/A   ; None         ; 6.369 ns   ; S2   ; MY_REGISTER:inst2|inst2                 ; CK       ;
; N/A   ; None         ; 6.258 ns   ; S1   ; MY_REGISTER:inst2|inst4                 ; CK       ;
; N/A   ; None         ; 6.253 ns   ; S2   ; MY_REGISTER:inst2|inst5                 ; CPR2     ;
; N/A   ; None         ; 6.229 ns   ; S3   ; MY_REGISTER:inst2|inst2                 ; CK       ;
; N/A   ; None         ; 6.122 ns   ; S3   ; MY_REGISTER:inst2|inst5                 ; CPR2     ;
; N/A   ; None         ; 5.982 ns   ; S0   ; MY_REGISTER:inst2|inst5                 ; CPR2     ;
; N/A   ; None         ; 5.960 ns   ; S2   ; MY_REGISTER:inst2|inst6                 ; CPR2     ;
; N/A   ; None         ; 5.943 ns   ; S2   ; MY_REGISTER:inst2|inst4                 ; CK       ;
; N/A   ; None         ; 5.922 ns   ; S0   ; MY_REGISTER:inst2|inst3                 ; CK       ;
; N/A   ; None         ; 5.829 ns   ; S3   ; MY_REGISTER:inst2|inst6                 ; CPR2     ;
; N/A   ; None         ; 5.820 ns   ; CN   ; MY_REGISTER:inst2|inst1                 ; CPR2     ;
; N/A   ; None         ; 5.812 ns   ; S3   ; MY_REGISTER:inst2|inst4                 ; CK       ;
; N/A   ; None         ; 5.804 ns   ; S2   ; MY_REGISTER:inst2|inst3                 ; CK       ;
; N/A   ; None         ; 5.695 ns   ; S1   ; MY_REGISTER:inst2|inst5                 ; CK       ;
; N/A   ; None         ; 5.672 ns   ; S0   ; MY_REGISTER:inst2|inst4                 ; CK       ;
; N/A   ; None         ; 5.664 ns   ; S3   ; MY_REGISTER:inst2|inst3                 ; CK       ;
; N/A   ; None         ; 5.571 ns   ; LD   ; MY_SCOUNTER8:inst4|SOUNTER2:inst2|inst  ; CK       ;
; N/A   ; None         ; 5.569 ns   ; LD   ; MY_SCOUNTER8:inst4|SOUNTER2:inst1|inst1 ; CK       ;
; N/A   ; None         ; 5.569 ns   ; LD   ; MY_SCOUNTER8:inst4|SOUNTER2:inst|inst   ; CK       ;
; N/A   ; None         ; 5.568 ns   ; LD   ; MY_SCOUNTER8:inst4|SOUNTER2:inst2|inst1 ; CK       ;
; N/A   ; None         ; 5.564 ns   ; LD   ; MY_SCOUNTER8:inst4|SOUNTER2:inst|inst1  ; CK       ;
; N/A   ; None         ; 5.563 ns   ; LD   ; MY_SCOUNTER8:inst4|SOUNTER2:inst1|inst  ; CK       ;
; N/A   ; None         ; 5.518 ns   ; CN   ; MY_REGISTER:inst2|inst                  ; CK       ;
; N/A   ; None         ; 5.431 ns   ; CN   ; MY_REGISTER:inst2|inst2                 ; CPR2     ;
; N/A   ; None         ; 5.380 ns   ; S2   ; MY_REGISTER:inst2|inst5                 ; CK       ;
; N/A   ; None         ; 5.249 ns   ; S3   ; MY_REGISTER:inst2|inst5                 ; CK       ;
; N/A   ; None         ; 5.139 ns   ; LD   ; MY_SCOUNTER8:inst4|SOUNTER2:inst3|inst  ; CK       ;
; N/A   ; None         ; 5.138 ns   ; LD   ; MY_SCOUNTER8:inst4|SOUNTER2:inst3|inst1 ; CK       ;
; N/A   ; None         ; 5.109 ns   ; S0   ; MY_REGISTER:inst2|inst5                 ; CK       ;
; N/A   ; None         ; 5.087 ns   ; S2   ; MY_REGISTER:inst2|inst6                 ; CK       ;
; N/A   ; None         ; 5.014 ns   ; CN   ; MY_REGISTER:inst2|inst4                 ; CPR2     ;
; N/A   ; None         ; 4.992 ns   ; S1   ; MY_REGISTER:inst2|inst6                 ; CPR2     ;
; N/A   ; None         ; 4.956 ns   ; S3   ; MY_REGISTER:inst2|inst6                 ; CK       ;
; N/A   ; None         ; 4.947 ns   ; CN   ; MY_REGISTER:inst2|inst1                 ; CK       ;
; N/A   ; None         ; 4.866 ns   ; CN   ; MY_REGISTER:inst2|inst3                 ; CPR2     ;
; N/A   ; None         ; 4.558 ns   ; CN   ; MY_REGISTER:inst2|inst2                 ; CK       ;
; N/A   ; None         ; 4.451 ns   ; CN   ; MY_REGISTER:inst2|inst5                 ; CPR2     ;
; N/A   ; None         ; 4.391 ns   ; S0   ; MY_REGISTER:inst2|inst6                 ; CPR2     ;
; N/A   ; None         ; 4.296 ns   ; S2   ; MY_REGISTER:inst2|inst7                 ; CPR2     ;
; N/A   ; None         ; 4.179 ns   ; S1   ; MY_REGISTER:inst2|inst7                 ; CPR2     ;
; N/A   ; None         ; 4.165 ns   ; S3   ; MY_REGISTER:inst2|inst7                 ; CPR2     ;
; N/A   ; None         ; 4.158 ns   ; CN   ; MY_REGISTER:inst2|inst6                 ; CPR2     ;
; N/A   ; None         ; 4.141 ns   ; CN   ; MY_REGISTER:inst2|inst4                 ; CK       ;
; N/A   ; None         ; 4.119 ns   ; S1   ; MY_REGISTER:inst2|inst6                 ; CK       ;
; N/A   ; None         ; 3.993 ns   ; CN   ; MY_REGISTER:inst2|inst3                 ; CK       ;
; N/A   ; None         ; 3.593 ns   ; S0   ; MY_REGISTER:inst2|inst7                 ; CPR2     ;
; N/A   ; None         ; 3.578 ns   ; CN   ; MY_REGISTER:inst2|inst5                 ; CK       ;
; N/A   ; None         ; 3.518 ns   ; S0   ; MY_REGISTER:inst2|inst6                 ; CK       ;
; N/A   ; None         ; 3.423 ns   ; S2   ; MY_REGISTER:inst2|inst7                 ; CK       ;
; N/A   ; None         ; 3.306 ns   ; S1   ; MY_REGISTER:inst2|inst7                 ; CK       ;
; N/A   ; None         ; 3.292 ns   ; S3   ; MY_REGISTER:inst2|inst7                 ; CK       ;
; N/A   ; None         ; 3.285 ns   ; CN   ; MY_REGISTER:inst2|inst6                 ; CK       ;
; N/A   ; None         ; 2.720 ns   ; S0   ; MY_REGISTER:inst2|inst7                 ; CK       ;
; N/A   ; None         ; 2.357 ns   ; M    ; MY_REGISTER:inst2|inst2                 ; CPR2     ;
; N/A   ; None         ; 2.042 ns   ; A6   ; MY_REGISTER:inst1|inst1                 ; CK       ;
; N/A   ; None         ; 2.031 ns   ; M    ; MY_REGISTER:inst2|inst7                 ; CPR2     ;
; N/A   ; None         ; 1.991 ns   ; M    ; MY_REGISTER:inst2|inst4                 ; CPR2     ;
; N/A   ; None         ; 1.950 ns   ; CN   ; MY_REGISTER:inst2|inst7                 ; CPR2     ;
; N/A   ; None         ; 1.907 ns   ; M    ; MY_REGISTER:inst2|inst3                 ; CPR2     ;
; N/A   ; None         ; 1.845 ns   ; A3   ; MY_REGISTER:inst1|inst4                 ; CK       ;
; N/A   ; None         ; 1.832 ns   ; M    ; MY_REGISTER:inst2|inst1                 ; CPR2     ;
; N/A   ; None         ; 1.812 ns   ; A1   ; MY_REGISTER:inst1|inst6                 ; CK       ;
; N/A   ; None         ; 1.801 ns   ; A4   ; MY_REGISTER:inst1|inst3                 ; CK       ;
; N/A   ; None         ; 1.793 ns   ; A2   ; MY_REGISTER:inst1|inst5                 ; CK       ;
; N/A   ; None         ; 1.778 ns   ; A5   ; MY_REGISTER:inst1|inst2                 ; CK       ;
; N/A   ; None         ; 1.687 ns   ; A0   ; MY_REGISTER:inst1|inst7                 ; CK       ;
; N/A   ; None         ; 1.653 ns   ; A7   ; MY_REGISTER:inst1|inst                  ; CK       ;
; N/A   ; None         ; 1.537 ns   ; M    ; MY_REGISTER:inst2|inst6                 ; CPR2     ;
; N/A   ; None         ; 1.522 ns   ; A6   ; MY_REGISTER:inst1|inst1                 ; CPR1     ;
; N/A   ; None         ; 1.484 ns   ; M    ; MY_REGISTER:inst2|inst2                 ; CK       ;
; N/A   ; None         ; 1.425 ns   ; M    ; MY_REGISTER:inst2|inst5                 ; CPR2     ;
; N/A   ; None         ; 1.390 ns   ; M    ; MY_REGISTER:inst2|inst                  ; CPR2     ;
; N/A   ; None         ; 1.325 ns   ; A3   ; MY_REGISTER:inst1|inst4                 ; CPR1     ;
; N/A   ; None         ; 1.292 ns   ; A1   ; MY_REGISTER:inst1|inst6                 ; CPR1     ;
; N/A   ; None         ; 1.281 ns   ; A4   ; MY_REGISTER:inst1|inst3                 ; CPR1     ;
; N/A   ; None         ; 1.273 ns   ; A2   ; MY_REGISTER:inst1|inst5                 ; CPR1     ;
; N/A   ; None         ; 1.258 ns   ; A5   ; MY_REGISTER:inst1|inst2                 ; CPR1     ;
; N/A   ; None         ; 1.167 ns   ; A0   ; MY_REGISTER:inst1|inst7                 ; CPR1     ;
; N/A   ; None         ; 1.158 ns   ; M    ; MY_REGISTER:inst2|inst7                 ; CK       ;
; N/A   ; None         ; 1.133 ns   ; A7   ; MY_REGISTER:inst1|inst                  ; CPR1     ;
; N/A   ; None         ; 1.118 ns   ; M    ; MY_REGISTER:inst2|inst4                 ; CK       ;
; N/A   ; None         ; 1.077 ns   ; CN   ; MY_REGISTER:inst2|inst7                 ; CK       ;
; N/A   ; None         ; 1.034 ns   ; M    ; MY_REGISTER:inst2|inst3                 ; CK       ;
; N/A   ; None         ; 0.959 ns   ; M    ; MY_REGISTER:inst2|inst1                 ; CK       ;
; N/A   ; None         ; 0.664 ns   ; M    ; MY_REGISTER:inst2|inst6                 ; CK       ;
; N/A   ; None         ; 0.552 ns   ; M    ; MY_REGISTER:inst2|inst5                 ; CK       ;
; N/A   ; None         ; 0.517 ns   ; M    ; MY_REGISTER:inst2|inst                  ; CK       ;
; N/A   ; None         ; 0.389 ns   ; A3   ; MY_REGISTER:inst|inst4                  ; CK       ;
; N/A   ; None         ; 0.350 ns   ; A1   ; MY_REGISTER:inst|inst6                  ; CK       ;
; N/A   ; None         ; 0.342 ns   ; A4   ; MY_REGISTER:inst|inst3                  ; CK       ;
; N/A   ; None         ; 0.334 ns   ; A2   ; MY_REGISTER:inst|inst5                  ; CK       ;
; N/A   ; None         ; 0.318 ns   ; A5   ; MY_REGISTER:inst|inst2                  ; CK       ;
; N/A   ; None         ; 0.234 ns   ; A0   ; MY_REGISTER:inst|inst7                  ; CK       ;
; N/A   ; None         ; 0.212 ns   ; A6   ; MY_REGISTER:inst|inst1                  ; CK       ;
; N/A   ; None         ; 0.197 ns   ; A7   ; MY_REGISTER:inst|inst                   ; CK       ;
; N/A   ; None         ; -0.124 ns  ; A3   ; MY_REGISTER:inst|inst4                  ; CPR0     ;
; N/A   ; None         ; -0.163 ns  ; A1   ; MY_REGISTER:inst|inst6                  ; CPR0     ;
; N/A   ; None         ; -0.171 ns  ; A4   ; MY_REGISTER:inst|inst3                  ; CPR0     ;
; N/A   ; None         ; -0.179 ns  ; A2   ; MY_REGISTER:inst|inst5                  ; CPR0     ;
; N/A   ; None         ; -0.195 ns  ; A5   ; MY_REGISTER:inst|inst2                  ; CPR0     ;
; N/A   ; None         ; -0.279 ns  ; A0   ; MY_REGISTER:inst|inst7                  ; CPR0     ;
; N/A   ; None         ; -0.301 ns  ; A6   ; MY_REGISTER:inst|inst1                  ; CPR0     ;
; N/A   ; None         ; -0.316 ns  ; A7   ; MY_REGISTER:inst|inst                   ; CPR0     ;
+-------+--------------+------------+------+-----------------------------------------+----------+


+-----------------------------------------------------------------------------------------------+
; tco                                                                                           ;
+-------+--------------+------------+-----------------------------------------+----+------------+
; Slack ; Required tco ; Actual tco ; From                                    ; To ; From Clock ;
+-------+--------------+------------+-----------------------------------------+----+------------+
; N/A   ; None         ; 18.225 ns  ; MY_REGISTER:inst2|inst7                 ; y0 ; CK         ;
; N/A   ; None         ; 18.160 ns  ; MY_REGISTER:inst2|inst7                 ; y1 ; CK         ;
; N/A   ; None         ; 17.352 ns  ; MY_REGISTER:inst2|inst7                 ; y0 ; CPR2       ;
; N/A   ; None         ; 17.287 ns  ; MY_REGISTER:inst2|inst7                 ; y1 ; CPR2       ;
; N/A   ; None         ; 17.235 ns  ; MY_REGISTER:inst2|inst6                 ; y1 ; CK         ;
; N/A   ; None         ; 17.017 ns  ; MY_REGISTER:inst2|inst6                 ; y2 ; CK         ;
; N/A   ; None         ; 16.693 ns  ; MY_REGISTER:inst2|inst5                 ; y2 ; CK         ;
; N/A   ; None         ; 16.684 ns  ; MY_REGISTER:inst2|inst2                 ; y5 ; CK         ;
; N/A   ; None         ; 16.602 ns  ; MY_REGISTER:inst2|inst3                 ; y5 ; CK         ;
; N/A   ; None         ; 16.362 ns  ; MY_REGISTER:inst2|inst6                 ; y1 ; CPR2       ;
; N/A   ; None         ; 16.343 ns  ; MY_REGISTER:inst2|inst                  ; y7 ; CK         ;
; N/A   ; None         ; 16.307 ns  ; MY_REGISTER:inst2|inst1                 ; y7 ; CK         ;
; N/A   ; None         ; 16.144 ns  ; MY_REGISTER:inst2|inst6                 ; y2 ; CPR2       ;
; N/A   ; None         ; 16.051 ns  ; MY_REGISTER:inst2|inst6                 ; y0 ; CK         ;
; N/A   ; None         ; 15.959 ns  ; MY_REGISTER:inst2|inst4                 ; y4 ; CK         ;
; N/A   ; None         ; 15.927 ns  ; MY_REGISTER:inst2|inst4                 ; y3 ; CK         ;
; N/A   ; None         ; 15.869 ns  ; MY_REGISTER:inst2|inst2                 ; y6 ; CK         ;
; N/A   ; None         ; 15.820 ns  ; MY_REGISTER:inst2|inst5                 ; y2 ; CPR2       ;
; N/A   ; None         ; 15.811 ns  ; MY_REGISTER:inst2|inst2                 ; y5 ; CPR2       ;
; N/A   ; None         ; 15.729 ns  ; MY_REGISTER:inst2|inst3                 ; y5 ; CPR2       ;
; N/A   ; None         ; 15.532 ns  ; MY_REGISTER:inst2|inst3                 ; y4 ; CK         ;
; N/A   ; None         ; 15.515 ns  ; MY_REGISTER:inst2|inst5                 ; y3 ; CK         ;
; N/A   ; None         ; 15.470 ns  ; MY_REGISTER:inst2|inst                  ; y7 ; CPR2       ;
; N/A   ; None         ; 15.434 ns  ; MY_REGISTER:inst2|inst1                 ; y7 ; CPR2       ;
; N/A   ; None         ; 15.384 ns  ; MY_REGISTER:inst2|inst4                 ; y2 ; CK         ;
; N/A   ; None         ; 15.290 ns  ; MY_REGISTER:inst2|inst2                 ; y4 ; CK         ;
; N/A   ; None         ; 15.226 ns  ; MY_REGISTER:inst2|inst3                 ; y3 ; CK         ;
; N/A   ; None         ; 15.213 ns  ; MY_REGISTER:inst2|inst1                 ; y5 ; CK         ;
; N/A   ; None         ; 15.178 ns  ; MY_REGISTER:inst2|inst6                 ; y0 ; CPR2       ;
; N/A   ; None         ; 15.094 ns  ; MY_REGISTER:inst2|inst1                 ; y6 ; CK         ;
; N/A   ; None         ; 15.086 ns  ; MY_REGISTER:inst2|inst4                 ; y4 ; CPR2       ;
; N/A   ; None         ; 15.054 ns  ; MY_REGISTER:inst2|inst4                 ; y3 ; CPR2       ;
; N/A   ; None         ; 14.996 ns  ; MY_REGISTER:inst2|inst2                 ; y6 ; CPR2       ;
; N/A   ; None         ; 14.823 ns  ; MY_REGISTER:inst2|inst5                 ; y1 ; CK         ;
; N/A   ; None         ; 14.659 ns  ; MY_REGISTER:inst2|inst3                 ; y4 ; CPR2       ;
; N/A   ; None         ; 14.642 ns  ; MY_REGISTER:inst2|inst5                 ; y3 ; CPR2       ;
; N/A   ; None         ; 14.511 ns  ; MY_REGISTER:inst2|inst4                 ; y2 ; CPR2       ;
; N/A   ; None         ; 14.443 ns  ; MY_REGISTER:inst2|inst                  ; y6 ; CK         ;
; N/A   ; None         ; 14.417 ns  ; MY_REGISTER:inst2|inst2                 ; y4 ; CPR2       ;
; N/A   ; None         ; 14.353 ns  ; MY_REGISTER:inst2|inst3                 ; y3 ; CPR2       ;
; N/A   ; None         ; 14.340 ns  ; MY_REGISTER:inst2|inst1                 ; y5 ; CPR2       ;
; N/A   ; None         ; 14.221 ns  ; MY_REGISTER:inst2|inst1                 ; y6 ; CPR2       ;
; N/A   ; None         ; 13.950 ns  ; MY_REGISTER:inst2|inst5                 ; y1 ; CPR2       ;
; N/A   ; None         ; 13.570 ns  ; MY_REGISTER:inst2|inst                  ; y6 ; CPR2       ;
; N/A   ; None         ; 8.942 ns   ; MY_SCOUNTER8:inst4|SOUNTER2:inst|inst   ; Q7 ; CK         ;
; N/A   ; None         ; 8.887 ns   ; MY_SCOUNTER8:inst4|SOUNTER2:inst|inst1  ; Q6 ; CK         ;
; N/A   ; None         ; 8.868 ns   ; MY_SCOUNTER8:inst4|SOUNTER2:inst1|inst  ; Q5 ; CK         ;
; N/A   ; None         ; 8.589 ns   ; MY_SCOUNTER8:inst4|SOUNTER2:inst1|inst1 ; Q4 ; CK         ;
; N/A   ; None         ; 8.562 ns   ; MY_SCOUNTER8:inst4|SOUNTER2:inst2|inst  ; Q3 ; CK         ;
; N/A   ; None         ; 8.219 ns   ; MY_SCOUNTER8:inst4|SOUNTER2:inst3|inst1 ; Q0 ; CK         ;
; N/A   ; None         ; 8.197 ns   ; MY_SCOUNTER8:inst4|SOUNTER2:inst2|inst1 ; Q2 ; CK         ;
; N/A   ; None         ; 8.154 ns   ; MY_SCOUNTER8:inst4|SOUNTER2:inst3|inst  ; Q1 ; CK         ;
+-------+--------------+------------+-----------------------------------------+----+------------+


+-----------------------------------------------------------+
; tpd                                                       ;
+-------+-------------------+-----------------+------+------+
; Slack ; Required P2P Time ; Actual P2P Time ; From ; To   ;
+-------+-------------------+-----------------+------+------+
; N/A   ; None              ; 17.111 ns       ; LM   ; y2   ;
; N/A   ; None              ; 16.808 ns       ; DM   ; y0   ;
; N/A   ; None              ; 16.799 ns       ; DM   ; y2   ;
; N/A   ; None              ; 16.553 ns       ; DM   ; y4   ;
; N/A   ; None              ; 16.522 ns       ; DM   ; y3   ;
; N/A   ; None              ; 16.521 ns       ; LM   ; y0   ;
; N/A   ; None              ; 16.493 ns       ; DM   ; y1   ;
; N/A   ; None              ; 16.457 ns       ; LM   ; y1   ;
; N/A   ; None              ; 16.391 ns       ; LM   ; y4   ;
; N/A   ; None              ; 16.353 ns       ; LM   ; y3   ;
; N/A   ; None              ; 16.220 ns       ; DM   ; y7   ;
; N/A   ; None              ; 16.184 ns       ; LM   ; y7   ;
; N/A   ; None              ; 15.907 ns       ; GND  ; y0   ;
; N/A   ; None              ; 15.825 ns       ; DM   ; y5   ;
; N/A   ; None              ; 15.789 ns       ; LM   ; y5   ;
; N/A   ; None              ; 15.135 ns       ; GND  ; y7   ;
; N/A   ; None              ; 15.009 ns       ; DM   ; y6   ;
; N/A   ; None              ; 14.973 ns       ; LM   ; y6   ;
; N/A   ; None              ; 14.937 ns       ; BY   ; y3   ;
; N/A   ; None              ; 14.936 ns       ; AY   ; y2   ;
; N/A   ; None              ; 14.778 ns       ; RM   ; y0   ;
; N/A   ; None              ; 14.770 ns       ; RM   ; y2   ;
; N/A   ; None              ; 14.744 ns       ; RM   ; y7   ;
; N/A   ; None              ; 14.705 ns       ; AY   ; y3   ;
; N/A   ; None              ; 14.677 ns       ; AY   ; y0   ;
; N/A   ; None              ; 14.659 ns       ; AY   ; y7   ;
; N/A   ; None              ; 14.557 ns       ; AY   ; y4   ;
; N/A   ; None              ; 14.386 ns       ; RM   ; y4   ;
; N/A   ; None              ; 14.367 ns       ; BY   ; y2   ;
; N/A   ; None              ; 14.363 ns       ; RM   ; y3   ;
; N/A   ; None              ; 14.347 ns       ; RM   ; y5   ;
; N/A   ; None              ; 14.334 ns       ; BY   ; y0   ;
; N/A   ; None              ; 14.316 ns       ; BY   ; y7   ;
; N/A   ; None              ; 14.261 ns       ; AY   ; y5   ;
; N/A   ; None              ; 14.002 ns       ; BY   ; y6   ;
; N/A   ; None              ; 13.985 ns       ; BY   ; y4   ;
; N/A   ; None              ; 13.941 ns       ; RM   ; y1   ;
; N/A   ; None              ; 13.919 ns       ; BY   ; y5   ;
; N/A   ; None              ; 13.866 ns       ; AY   ; y6   ;
; N/A   ; None              ; 13.720 ns       ; BY   ; y1   ;
; N/A   ; None              ; 13.534 ns       ; RM   ; y6   ;
; N/A   ; None              ; 13.373 ns       ; AY   ; y1   ;
; N/A   ; None              ; 6.946 ns        ; CK   ; RD   ;
; N/A   ; None              ; 6.944 ns        ; CK   ; CPIR ;
+-------+-------------------+-----------------+------+------+


+-----------------------------------------------------------------------------------------------------+
; th                                                                                                  ;
+---------------+-------------+-----------+------+-----------------------------------------+----------+
; Minimum Slack ; Required th ; Actual th ; From ; To                                      ; To Clock ;
+---------------+-------------+-----------+------+-----------------------------------------+----------+
; N/A           ; None        ; 0.582 ns  ; A7   ; MY_REGISTER:inst|inst                   ; CPR0     ;
; N/A           ; None        ; 0.567 ns  ; A6   ; MY_REGISTER:inst|inst1                  ; CPR0     ;
; N/A           ; None        ; 0.545 ns  ; A0   ; MY_REGISTER:inst|inst7                  ; CPR0     ;
; N/A           ; None        ; 0.461 ns  ; A5   ; MY_REGISTER:inst|inst2                  ; CPR0     ;
; N/A           ; None        ; 0.445 ns  ; A2   ; MY_REGISTER:inst|inst5                  ; CPR0     ;
; N/A           ; None        ; 0.437 ns  ; A4   ; MY_REGISTER:inst|inst3                  ; CPR0     ;
; N/A           ; None        ; 0.429 ns  ; A1   ; MY_REGISTER:inst|inst6                  ; CPR0     ;
; N/A           ; None        ; 0.390 ns  ; A3   ; MY_REGISTER:inst|inst4                  ; CPR0     ;
; N/A           ; None        ; 0.069 ns  ; A7   ; MY_REGISTER:inst|inst                   ; CK       ;
; N/A           ; None        ; 0.054 ns  ; A6   ; MY_REGISTER:inst|inst1                  ; CK       ;
; N/A           ; None        ; 0.032 ns  ; A0   ; MY_REGISTER:inst|inst7                  ; CK       ;
; N/A           ; None        ; -0.052 ns ; A5   ; MY_REGISTER:inst|inst2                  ; CK       ;
; N/A           ; None        ; -0.068 ns ; A2   ; MY_REGISTER:inst|inst5                  ; CK       ;
; N/A           ; None        ; -0.076 ns ; A4   ; MY_REGISTER:inst|inst3                  ; CK       ;
; N/A           ; None        ; -0.084 ns ; A1   ; MY_REGISTER:inst|inst6                  ; CK       ;
; N/A           ; None        ; -0.123 ns ; A3   ; MY_REGISTER:inst|inst4                  ; CK       ;
; N/A           ; None        ; -0.251 ns ; M    ; MY_REGISTER:inst2|inst                  ; CK       ;
; N/A           ; None        ; -0.286 ns ; M    ; MY_REGISTER:inst2|inst5                 ; CK       ;
; N/A           ; None        ; -0.398 ns ; M    ; MY_REGISTER:inst2|inst6                 ; CK       ;
; N/A           ; None        ; -0.693 ns ; M    ; MY_REGISTER:inst2|inst1                 ; CK       ;
; N/A           ; None        ; -0.768 ns ; M    ; MY_REGISTER:inst2|inst3                 ; CK       ;
; N/A           ; None        ; -0.811 ns ; CN   ; MY_REGISTER:inst2|inst7                 ; CK       ;
; N/A           ; None        ; -0.852 ns ; M    ; MY_REGISTER:inst2|inst4                 ; CK       ;
; N/A           ; None        ; -0.867 ns ; A7   ; MY_REGISTER:inst1|inst                  ; CPR1     ;
; N/A           ; None        ; -0.892 ns ; M    ; MY_REGISTER:inst2|inst7                 ; CK       ;
; N/A           ; None        ; -0.901 ns ; A0   ; MY_REGISTER:inst1|inst7                 ; CPR1     ;
; N/A           ; None        ; -0.992 ns ; A5   ; MY_REGISTER:inst1|inst2                 ; CPR1     ;
; N/A           ; None        ; -1.007 ns ; A2   ; MY_REGISTER:inst1|inst5                 ; CPR1     ;
; N/A           ; None        ; -1.015 ns ; A4   ; MY_REGISTER:inst1|inst3                 ; CPR1     ;
; N/A           ; None        ; -1.026 ns ; A1   ; MY_REGISTER:inst1|inst6                 ; CPR1     ;
; N/A           ; None        ; -1.059 ns ; A3   ; MY_REGISTER:inst1|inst4                 ; CPR1     ;
; N/A           ; None        ; -1.124 ns ; M    ; MY_REGISTER:inst2|inst                  ; CPR2     ;
; N/A           ; None        ; -1.159 ns ; M    ; MY_REGISTER:inst2|inst5                 ; CPR2     ;
; N/A           ; None        ; -1.218 ns ; M    ; MY_REGISTER:inst2|inst2                 ; CK       ;
; N/A           ; None        ; -1.256 ns ; A6   ; MY_REGISTER:inst1|inst1                 ; CPR1     ;
; N/A           ; None        ; -1.271 ns ; M    ; MY_REGISTER:inst2|inst6                 ; CPR2     ;
; N/A           ; None        ; -1.387 ns ; A7   ; MY_REGISTER:inst1|inst                  ; CK       ;
; N/A           ; None        ; -1.421 ns ; A0   ; MY_REGISTER:inst1|inst7                 ; CK       ;
; N/A           ; None        ; -1.512 ns ; A5   ; MY_REGISTER:inst1|inst2                 ; CK       ;
; N/A           ; None        ; -1.527 ns ; A2   ; MY_REGISTER:inst1|inst5                 ; CK       ;
; N/A           ; None        ; -1.535 ns ; A4   ; MY_REGISTER:inst1|inst3                 ; CK       ;
; N/A           ; None        ; -1.546 ns ; A1   ; MY_REGISTER:inst1|inst6                 ; CK       ;
; N/A           ; None        ; -1.566 ns ; M    ; MY_REGISTER:inst2|inst1                 ; CPR2     ;
; N/A           ; None        ; -1.579 ns ; A3   ; MY_REGISTER:inst1|inst4                 ; CK       ;
; N/A           ; None        ; -1.641 ns ; M    ; MY_REGISTER:inst2|inst3                 ; CPR2     ;
; N/A           ; None        ; -1.684 ns ; CN   ; MY_REGISTER:inst2|inst7                 ; CPR2     ;
; N/A           ; None        ; -1.725 ns ; M    ; MY_REGISTER:inst2|inst4                 ; CPR2     ;
; N/A           ; None        ; -1.765 ns ; M    ; MY_REGISTER:inst2|inst7                 ; CPR2     ;
; N/A           ; None        ; -1.776 ns ; A6   ; MY_REGISTER:inst1|inst1                 ; CK       ;
; N/A           ; None        ; -2.091 ns ; M    ; MY_REGISTER:inst2|inst2                 ; CPR2     ;
; N/A           ; None        ; -2.210 ns ; S3   ; MY_REGISTER:inst2|inst1                 ; CK       ;
; N/A           ; None        ; -2.231 ns ; S3   ; MY_REGISTER:inst2|inst3                 ; CK       ;
; N/A           ; None        ; -2.345 ns ; S2   ; MY_REGISTER:inst2|inst1                 ; CK       ;
; N/A           ; None        ; -2.373 ns ; S2   ; MY_REGISTER:inst2|inst3                 ; CK       ;
; N/A           ; None        ; -2.454 ns ; S0   ; MY_REGISTER:inst2|inst7                 ; CK       ;
; N/A           ; None        ; -2.549 ns ; S3   ; MY_REGISTER:inst2|inst4                 ; CK       ;
; N/A           ; None        ; -2.585 ns ; S3   ; MY_REGISTER:inst2|inst5                 ; CK       ;
; N/A           ; None        ; -2.675 ns ; S0   ; MY_REGISTER:inst2|inst1                 ; CK       ;
; N/A           ; None        ; -2.696 ns ; S2   ; MY_REGISTER:inst2|inst4                 ; CK       ;
; N/A           ; None        ; -2.728 ns ; S2   ; MY_REGISTER:inst2|inst5                 ; CK       ;
; N/A           ; None        ; -2.760 ns ; S0   ; MY_REGISTER:inst2|inst6                 ; CK       ;
; N/A           ; None        ; -2.766 ns ; S0   ; MY_REGISTER:inst2|inst5                 ; CK       ;
; N/A           ; None        ; -2.782 ns ; S0   ; MY_REGISTER:inst2|inst3                 ; CK       ;
; N/A           ; None        ; -2.784 ns ; S3   ; MY_REGISTER:inst2|inst                  ; CK       ;
; N/A           ; None        ; -2.796 ns ; S3   ; MY_REGISTER:inst2|inst2                 ; CK       ;
; N/A           ; None        ; -2.919 ns ; S2   ; MY_REGISTER:inst2|inst                  ; CK       ;
; N/A           ; None        ; -2.927 ns ; S2   ; MY_REGISTER:inst2|inst6                 ; CK       ;
; N/A           ; None        ; -2.938 ns ; S2   ; MY_REGISTER:inst2|inst2                 ; CK       ;
; N/A           ; None        ; -3.019 ns ; CN   ; MY_REGISTER:inst2|inst6                 ; CK       ;
; N/A           ; None        ; -3.026 ns ; S3   ; MY_REGISTER:inst2|inst7                 ; CK       ;
; N/A           ; None        ; -3.040 ns ; S1   ; MY_REGISTER:inst2|inst7                 ; CK       ;
; N/A           ; None        ; -3.083 ns ; S3   ; MY_REGISTER:inst2|inst1                 ; CPR2     ;
; N/A           ; None        ; -3.085 ns ; S0   ; MY_REGISTER:inst2|inst2                 ; CK       ;
; N/A           ; None        ; -3.104 ns ; S3   ; MY_REGISTER:inst2|inst3                 ; CPR2     ;
; N/A           ; None        ; -3.143 ns ; S0   ; MY_REGISTER:inst2|inst4                 ; CK       ;
; N/A           ; None        ; -3.157 ns ; S2   ; MY_REGISTER:inst2|inst7                 ; CK       ;
; N/A           ; None        ; -3.201 ns ; S1   ; MY_REGISTER:inst2|inst1                 ; CK       ;
; N/A           ; None        ; -3.218 ns ; S2   ; MY_REGISTER:inst2|inst1                 ; CPR2     ;
; N/A           ; None        ; -3.244 ns ; S0   ; MY_REGISTER:inst2|inst                  ; CK       ;
; N/A           ; None        ; -3.246 ns ; S2   ; MY_REGISTER:inst2|inst3                 ; CPR2     ;
; N/A           ; None        ; -3.312 ns ; CN   ; MY_REGISTER:inst2|inst5                 ; CK       ;
; N/A           ; None        ; -3.318 ns ; S3   ; MY_REGISTER:inst2|inst6                 ; CK       ;
; N/A           ; None        ; -3.327 ns ; S0   ; MY_REGISTER:inst2|inst7                 ; CPR2     ;
; N/A           ; None        ; -3.346 ns ; S1   ; MY_REGISTER:inst2|inst6                 ; CK       ;
; N/A           ; None        ; -3.358 ns ; S1   ; MY_REGISTER:inst2|inst5                 ; CK       ;
; N/A           ; None        ; -3.374 ns ; S1   ; MY_REGISTER:inst2|inst3                 ; CK       ;
; N/A           ; None        ; -3.422 ns ; S3   ; MY_REGISTER:inst2|inst4                 ; CPR2     ;
; N/A           ; None        ; -3.458 ns ; S3   ; MY_REGISTER:inst2|inst5                 ; CPR2     ;
; N/A           ; None        ; -3.548 ns ; S0   ; MY_REGISTER:inst2|inst1                 ; CPR2     ;
; N/A           ; None        ; -3.569 ns ; S2   ; MY_REGISTER:inst2|inst4                 ; CPR2     ;
; N/A           ; None        ; -3.601 ns ; S2   ; MY_REGISTER:inst2|inst5                 ; CPR2     ;
; N/A           ; None        ; -3.633 ns ; S0   ; MY_REGISTER:inst2|inst6                 ; CPR2     ;
; N/A           ; None        ; -3.639 ns ; S0   ; MY_REGISTER:inst2|inst5                 ; CPR2     ;
; N/A           ; None        ; -3.655 ns ; S0   ; MY_REGISTER:inst2|inst3                 ; CPR2     ;
; N/A           ; None        ; -3.657 ns ; S3   ; MY_REGISTER:inst2|inst                  ; CPR2     ;
; N/A           ; None        ; -3.669 ns ; S3   ; MY_REGISTER:inst2|inst2                 ; CPR2     ;
; N/A           ; None        ; -3.681 ns ; S1   ; MY_REGISTER:inst2|inst2                 ; CK       ;
; N/A           ; None        ; -3.727 ns ; CN   ; MY_REGISTER:inst2|inst3                 ; CK       ;
; N/A           ; None        ; -3.733 ns ; S1   ; MY_REGISTER:inst2|inst4                 ; CK       ;
; N/A           ; None        ; -3.770 ns ; S1   ; MY_REGISTER:inst2|inst                  ; CK       ;
; N/A           ; None        ; -3.792 ns ; S2   ; MY_REGISTER:inst2|inst                  ; CPR2     ;
; N/A           ; None        ; -3.800 ns ; S2   ; MY_REGISTER:inst2|inst6                 ; CPR2     ;
; N/A           ; None        ; -3.811 ns ; S2   ; MY_REGISTER:inst2|inst2                 ; CPR2     ;
; N/A           ; None        ; -3.875 ns ; CN   ; MY_REGISTER:inst2|inst4                 ; CK       ;
; N/A           ; None        ; -3.892 ns ; CN   ; MY_REGISTER:inst2|inst6                 ; CPR2     ;
; N/A           ; None        ; -3.899 ns ; S3   ; MY_REGISTER:inst2|inst7                 ; CPR2     ;
; N/A           ; None        ; -3.913 ns ; S1   ; MY_REGISTER:inst2|inst7                 ; CPR2     ;
; N/A           ; None        ; -3.958 ns ; S0   ; MY_REGISTER:inst2|inst2                 ; CPR2     ;
; N/A           ; None        ; -4.016 ns ; S0   ; MY_REGISTER:inst2|inst4                 ; CPR2     ;
; N/A           ; None        ; -4.030 ns ; S2   ; MY_REGISTER:inst2|inst7                 ; CPR2     ;
; N/A           ; None        ; -4.074 ns ; S1   ; MY_REGISTER:inst2|inst1                 ; CPR2     ;
; N/A           ; None        ; -4.117 ns ; S0   ; MY_REGISTER:inst2|inst                  ; CPR2     ;
; N/A           ; None        ; -4.185 ns ; CN   ; MY_REGISTER:inst2|inst5                 ; CPR2     ;
; N/A           ; None        ; -4.191 ns ; S3   ; MY_REGISTER:inst2|inst6                 ; CPR2     ;
; N/A           ; None        ; -4.219 ns ; S1   ; MY_REGISTER:inst2|inst6                 ; CPR2     ;
; N/A           ; None        ; -4.231 ns ; S1   ; MY_REGISTER:inst2|inst5                 ; CPR2     ;
; N/A           ; None        ; -4.247 ns ; S1   ; MY_REGISTER:inst2|inst3                 ; CPR2     ;
; N/A           ; None        ; -4.292 ns ; CN   ; MY_REGISTER:inst2|inst2                 ; CK       ;
; N/A           ; None        ; -4.554 ns ; S1   ; MY_REGISTER:inst2|inst2                 ; CPR2     ;
; N/A           ; None        ; -4.600 ns ; CN   ; MY_REGISTER:inst2|inst3                 ; CPR2     ;
; N/A           ; None        ; -4.606 ns ; S1   ; MY_REGISTER:inst2|inst4                 ; CPR2     ;
; N/A           ; None        ; -4.643 ns ; S1   ; MY_REGISTER:inst2|inst                  ; CPR2     ;
; N/A           ; None        ; -4.681 ns ; CN   ; MY_REGISTER:inst2|inst1                 ; CK       ;
; N/A           ; None        ; -4.748 ns ; CN   ; MY_REGISTER:inst2|inst4                 ; CPR2     ;
; N/A           ; None        ; -4.872 ns ; LD   ; MY_SCOUNTER8:inst4|SOUNTER2:inst3|inst1 ; CK       ;
; N/A           ; None        ; -4.873 ns ; LD   ; MY_SCOUNTER8:inst4|SOUNTER2:inst3|inst  ; CK       ;
; N/A           ; None        ; -5.165 ns ; CN   ; MY_REGISTER:inst2|inst2                 ; CPR2     ;
; N/A           ; None        ; -5.252 ns ; CN   ; MY_REGISTER:inst2|inst                  ; CK       ;
; N/A           ; None        ; -5.297 ns ; LD   ; MY_SCOUNTER8:inst4|SOUNTER2:inst1|inst  ; CK       ;
; N/A           ; None        ; -5.298 ns ; LD   ; MY_SCOUNTER8:inst4|SOUNTER2:inst|inst1  ; CK       ;
; N/A           ; None        ; -5.302 ns ; LD   ; MY_SCOUNTER8:inst4|SOUNTER2:inst2|inst1 ; CK       ;
; N/A           ; None        ; -5.303 ns ; LD   ; MY_SCOUNTER8:inst4|SOUNTER2:inst1|inst1 ; CK       ;
; N/A           ; None        ; -5.303 ns ; LD   ; MY_SCOUNTER8:inst4|SOUNTER2:inst|inst   ; CK       ;
; N/A           ; None        ; -5.305 ns ; LD   ; MY_SCOUNTER8:inst4|SOUNTER2:inst2|inst  ; CK       ;
; N/A           ; None        ; -5.554 ns ; CN   ; MY_REGISTER:inst2|inst1                 ; CPR2     ;
; N/A           ; None        ; -6.125 ns ; CN   ; MY_REGISTER:inst2|inst                  ; CPR2     ;
+---------------+-------------+-----------+------+-----------------------------------------+----------+


+--------------------------+
; Timing Analyzer Messages ;
+--------------------------+
Info: *******************************************************************
Info: Running Quartus II Classic Timing Analyzer
    Info: Version 8.1 Build 163 10/28/2008 SJ Web Edition
    Info: Processing started: Sat Apr 13 10:51:26 2019
Info: Command: quartus_tan --read_settings_files=off --write_settings_files=off MY_CONTROLEDADD -c MY_CONTROLEDADD --timing_analysis_only
Warning: Found pins functioning as undefined clocks and/or memory enables
    Info: Assuming node "CK" is an undefined clock
    Info: Assuming node "CPR2" is an undefined clock
    Info: Assuming node "CPR1" is an undefined clock
    Info: Assuming node "CPR0" is an undefined clock
Warning: Found 3 node(s) in clock paths which may be acting as ripple and/or gated clocks -- node(s) analyzed as buffer(s) resulting in clock skew
    Info: Detected gated clock "inst11" as buffer
    Info: Detected gated clock "inst12" as buffer
    Info: Detected gated clock "inst13" as buffer
Info: Clock "CK" has Internal fmax of 125.8 MHz between source register "MY_REGISTER:inst|inst5" and destination register "MY_REGISTER:inst2|inst" (period= 7.949 ns)
    Info: + Longest register to register delay is 7.247 ns
        Info: 1: + IC(0.000 ns) + CELL(0.000 ns) = 0.000 ns; Loc. = LCFF_X24_Y6_N3; Fanout = 2; REG Node = 'MY_REGISTER:inst|inst5'
        Info: 2: + IC(0.435 ns) + CELL(0.206 ns) = 0.641 ns; Loc. = LCCOMB_X24_Y6_N12; Fanout = 4; COMB Node = 'MY_BINGXINGADD:inst3|74181:inst|45~17'
        Info: 3: + IC(0.406 ns) + CELL(0.650 ns) = 1.697 ns; Loc. = LCCOMB_X24_Y6_N24; Fanout = 1; COMB Node = 'MY_BINGXINGADD:inst3|74182:inst2|31~84'
        Info: 4: + IC(1.534 ns) + CELL(0.624 ns) = 3.855 ns; Loc. = LCCOMB_X23_Y13_N12; Fanout = 3; COMB Node = 'MY_BINGXINGADD:inst3|74182:inst2|31~85'
        Info: 5: + IC(0.374 ns) + CELL(0.206 ns) = 4.435 ns; Loc. = LCCOMB_X23_Y13_N22; Fanout = 2; COMB Node = 'MY_BINGXINGADD:inst3|74181:inst1|75~107'
        Info: 6: + IC(1.927 ns) + CELL(0.206 ns) = 6.568 ns; Loc. = LCCOMB_X23_Y4_N30; Fanout = 1; COMB Node = 'MY_BINGXINGADD:inst3|74181:inst1|77~157'
        Info: 7: + IC(0.365 ns) + CELL(0.206 ns) = 7.139 ns; Loc. = LCCOMB_X23_Y4_N10; Fanout = 1; COMB Node = 'MY_BINGXINGADD:inst3|74181:inst1|77~160'
        Info: 8: + IC(0.000 ns) + CELL(0.108 ns) = 7.247 ns; Loc. = LCFF_X23_Y4_N11; Fanout = 3; REG Node = 'MY_REGISTER:inst2|inst'
        Info: Total cell delay = 2.206 ns ( 30.44 % )
        Info: Total interconnect delay = 5.041 ns ( 69.56 % )
    Info: - Smallest clock skew is -0.438 ns
        Info: + Shortest clock path from clock "CK" to destination register is 6.951 ns
            Info: 1: + IC(0.000 ns) + CELL(1.150 ns) = 1.150 ns; Loc. = PIN_132; Fanout = 6; CLK Node = 'CK'
            Info: 2: + IC(2.212 ns) + CELL(0.499 ns) = 3.861 ns; Loc. = LCCOMB_X30_Y6_N0; Fanout = 1; COMB Node = 'inst13'
            Info: 3: + IC(1.508 ns) + CELL(0.000 ns) = 5.369 ns; Loc. = CLKCTRL_G4; Fanout = 8; COMB Node = 'inst13~clkctrl'
            Info: 4: + IC(0.916 ns) + CELL(0.666 ns) = 6.951 ns; Loc. = LCFF_X23_Y4_N11; Fanout = 3; REG Node = 'MY_REGISTER:inst2|inst'
            Info: Total cell delay = 2.315 ns ( 33.30 % )
            Info: Total interconnect delay = 4.636 ns ( 66.70 % )
        Info: - Longest clock path from clock "CK" to source register is 7.389 ns
            Info: 1: + IC(0.000 ns) + CELL(1.150 ns) = 1.150 ns; Loc. = PIN_132; Fanout = 6; CLK Node = 'CK'
            Info: 2: + IC(1.368 ns) + CELL(0.370 ns) = 2.888 ns; Loc. = LCCOMB_X30_Y6_N26; Fanout = 1; COMB Node = 'inst11'
            Info: 3: + IC(2.928 ns) + CELL(0.000 ns) = 5.816 ns; Loc. = CLKCTRL_G2; Fanout = 8; COMB Node = 'inst11~clkctrl'
            Info: 4: + IC(0.907 ns) + CELL(0.666 ns) = 7.389 ns; Loc. = LCFF_X24_Y6_N3; Fanout = 2; REG Node = 'MY_REGISTER:inst|inst5'
            Info: Total cell delay = 2.186 ns ( 29.58 % )
            Info: Total interconnect delay = 5.203 ns ( 70.42 % )
    Info: + Micro clock to output delay of source is 0.304 ns
    Info: + Micro setup delay of destination is -0.040 ns
Info: No valid register-to-register data paths exist for clock "CPR2"
Info: No valid register-to-register data paths exist for clock "CPR1"
Info: No valid register-to-register data paths exist for clock "CPR0"
Info: tsu for register "MY_REGISTER:inst2|inst" (data pin = "S1", clock pin = "CPR2") is 8.949 ns
    Info: + Longest pin to register delay is 15.067 ns
        Info: 1: + IC(0.000 ns) + CELL(0.964 ns) = 0.964 ns; Loc. = PIN_86; Fanout = 8; PIN Node = 'S1'
        Info: 2: + IC(6.813 ns) + CELL(0.651 ns) = 8.428 ns; Loc. = LCCOMB_X24_Y6_N26; Fanout = 2; COMB Node = 'MY_BINGXINGADD:inst3|74181:inst1|44~17'
        Info: 3: + IC(1.013 ns) + CELL(0.616 ns) = 10.057 ns; Loc. = LCCOMB_X24_Y6_N0; Fanout = 1; COMB Node = 'MY_BINGXINGADD:inst3|74181:inst1|75~106'
        Info: 4: + IC(1.879 ns) + CELL(0.319 ns) = 12.255 ns; Loc. = LCCOMB_X23_Y13_N22; Fanout = 2; COMB Node = 'MY_BINGXINGADD:inst3|74181:inst1|75~107'
        Info: 5: + IC(1.927 ns) + CELL(0.206 ns) = 14.388 ns; Loc. = LCCOMB_X23_Y4_N30; Fanout = 1; COMB Node = 'MY_BINGXINGADD:inst3|74181:inst1|77~157'
        Info: 6: + IC(0.365 ns) + CELL(0.206 ns) = 14.959 ns; Loc. = LCCOMB_X23_Y4_N10; Fanout = 1; COMB Node = 'MY_BINGXINGADD:inst3|74181:inst1|77~160'
        Info: 7: + IC(0.000 ns) + CELL(0.108 ns) = 15.067 ns; Loc. = LCFF_X23_Y4_N11; Fanout = 3; REG Node = 'MY_REGISTER:inst2|inst'
        Info: Total cell delay = 3.070 ns ( 20.38 % )
        Info: Total interconnect delay = 11.997 ns ( 79.62 % )
    Info: + Micro setup delay of destination is -0.040 ns
    Info: - Shortest clock path from clock "CPR2" to destination register is 6.078 ns
        Info: 1: + IC(0.000 ns) + CELL(0.984 ns) = 0.984 ns; Loc. = PIN_96; Fanout = 1; CLK Node = 'CPR2'
        Info: 2: + IC(1.798 ns) + CELL(0.206 ns) = 2.988 ns; Loc. = LCCOMB_X30_Y6_N0; Fanout = 1; COMB Node = 'inst13'
        Info: 3: + IC(1.508 ns) + CELL(0.000 ns) = 4.496 ns; Loc. = CLKCTRL_G4; Fanout = 8; COMB Node = 'inst13~clkctrl'
        Info: 4: + IC(0.916 ns) + CELL(0.666 ns) = 6.078 ns; Loc. = LCFF_X23_Y4_N11; Fanout = 3; REG Node = 'MY_REGISTER:inst2|inst'
        Info: Total cell delay = 1.856 ns ( 30.54 % )
        Info: Total interconnect delay = 4.222 ns ( 69.46 % )
Info: tco from clock "CK" to destination pin "y0" through register "MY_REGISTER:inst2|inst7" is 18.225 ns
    Info: + Longest clock path from clock "CK" to source register is 6.939 ns
        Info: 1: + IC(0.000 ns) + CELL(1.150 ns) = 1.150 ns; Loc. = PIN_132; Fanout = 6; CLK Node = 'CK'
        Info: 2: + IC(2.212 ns) + CELL(0.499 ns) = 3.861 ns; Loc. = LCCOMB_X30_Y6_N0; Fanout = 1; COMB Node = 'inst13'
        Info: 3: + IC(1.508 ns) + CELL(0.000 ns) = 5.369 ns; Loc. = CLKCTRL_G4; Fanout = 8; COMB Node = 'inst13~clkctrl'
        Info: 4: + IC(0.904 ns) + CELL(0.666 ns) = 6.939 ns; Loc. = LCFF_X23_Y13_N17; Fanout = 3; REG Node = 'MY_REGISTER:inst2|inst7'
        Info: Total cell delay = 2.315 ns ( 33.36 % )
        Info: Total interconnect delay = 4.624 ns ( 66.64 % )
    Info: + Micro clock to output delay of source is 0.304 ns
    Info: + Longest register to pin delay is 10.982 ns
        Info: 1: + IC(0.000 ns) + CELL(0.000 ns) = 0.000 ns; Loc. = LCFF_X23_Y13_N17; Fanout = 3; REG Node = 'MY_REGISTER:inst2|inst7'
        Info: 2: + IC(2.032 ns) + CELL(0.650 ns) = 2.682 ns; Loc. = LCCOMB_X23_Y4_N0; Fanout = 1; COMB Node = 'MY_DATASELECTOR8:inst9|MY_DATASELECTOR1:inst|inst2~76'
        Info: 3: + IC(0.369 ns) + CELL(0.624 ns) = 3.675 ns; Loc. = LCCOMB_X23_Y4_N18; Fanout = 1; COMB Node = 'MY_DATASELECTOR8:inst9|MY_DATASELECTOR1:inst|inst2~77'
        Info: 4: + IC(0.383 ns) + CELL(0.624 ns) = 4.682 ns; Loc. = LCCOMB_X23_Y4_N12; Fanout = 1; COMB Node = 'MY_DATASELECTOR8:inst9|MY_DATASELECTOR1:inst|inst2~78'
        Info: 5: + IC(3.204 ns) + CELL(3.096 ns) = 10.982 ns; Loc. = PIN_34; Fanout = 0; PIN Node = 'y0'
        Info: Total cell delay = 4.994 ns ( 45.47 % )
        Info: Total interconnect delay = 5.988 ns ( 54.53 % )
Info: Longest tpd from source pin "LM" to destination pin "y2" is 17.111 ns
    Info: 1: + IC(0.000 ns) + CELL(1.014 ns) = 1.014 ns; Loc. = PIN_103; Fanout = 8; PIN Node = 'LM'
    Info: 2: + IC(7.382 ns) + CELL(0.370 ns) = 8.766 ns; Loc. = LCCOMB_X23_Y5_N12; Fanout = 1; COMB Node = 'MY_DATASELECTOR8:inst9|MY_DATASELECTOR1:inst2|inst2~76'
    Info: 3: + IC(0.393 ns) + CELL(0.651 ns) = 9.810 ns; Loc. = LCCOMB_X23_Y5_N16; Fanout = 1; COMB Node = 'MY_DATASELECTOR8:inst9|MY_DATASELECTOR1:inst2|inst2~77'
    Info: 4: + IC(0.400 ns) + CELL(0.650 ns) = 10.860 ns; Loc. = LCCOMB_X23_Y5_N2; Fanout = 1; COMB Node = 'MY_DATASELECTOR8:inst9|MY_DATASELECTOR1:inst2|inst2~78'
    Info: 5: + IC(3.175 ns) + CELL(3.076 ns) = 17.111 ns; Loc. = PIN_37; Fanout = 0; PIN Node = 'y2'
    Info: Total cell delay = 5.761 ns ( 33.67 % )
    Info: Total interconnect delay = 11.350 ns ( 66.33 % )
Info: th for register "MY_REGISTER:inst|inst" (data pin = "A7", clock pin = "CPR0") is 0.582 ns
    Info: + Longest clock path from clock "CPR0" to destination register is 7.908 ns
        Info: 1: + IC(0.000 ns) + CELL(0.974 ns) = 0.974 ns; Loc. = PIN_99; Fanout = 1; CLK Node = 'CPR0'
        Info: 2: + IC(1.804 ns) + CELL(0.623 ns) = 3.401 ns; Loc. = LCCOMB_X30_Y6_N26; Fanout = 1; COMB Node = 'inst11'
        Info: 3: + IC(2.928 ns) + CELL(0.000 ns) = 6.329 ns; Loc. = CLKCTRL_G2; Fanout = 8; COMB Node = 'inst11~clkctrl'
        Info: 4: + IC(0.913 ns) + CELL(0.666 ns) = 7.908 ns; Loc. = LCFF_X28_Y6_N19; Fanout = 2; REG Node = 'MY_REGISTER:inst|inst'
        Info: Total cell delay = 2.263 ns ( 28.62 % )
        Info: Total interconnect delay = 5.645 ns ( 71.38 % )
    Info: + Micro hold delay of destination is 0.306 ns
    Info: - Shortest pin to register delay is 7.632 ns
        Info: 1: + IC(0.000 ns) + CELL(0.975 ns) = 0.975 ns; Loc. = PIN_127; Fanout = 2; PIN Node = 'A7'
        Info: 2: + IC(6.197 ns) + CELL(0.460 ns) = 7.632 ns; Loc. = LCFF_X28_Y6_N19; Fanout = 2; REG Node = 'MY_REGISTER:inst|inst'
        Info: Total cell delay = 1.435 ns ( 18.80 % )
        Info: Total interconnect delay = 6.197 ns ( 81.20 % )
Info: Quartus II Classic Timing Analyzer was successful. 0 errors, 2 warnings
    Info: Peak virtual memory: 157 megabytes
    Info: Processing ended: Sat Apr 13 10:51:27 2019
    Info: Elapsed time: 00:00:01
    Info: Total CPU time (on all processors): 00:00:01


