Analysis & Synthesis report for zhengji
Fri Apr 26 22:27:28 2019
Quartus II Version 8.1 Build 163 10/28/2008 SJ Web Edition


---------------------
; Table of Contents ;
---------------------
  1. Legal Notice
  2. Analysis & Synthesis Summary
  3. Analysis & Synthesis Settings
  4. Analysis & Synthesis Source Files Read
  5. Analysis & Synthesis Resource Usage Summary
  6. Analysis & Synthesis Resource Utilization by Entity
  7. General Register Statistics
  8. Analysis & Synthesis Messages



----------------
; Legal Notice ;
----------------
Copyright (C) 1991-2008 Altera Corporation
Your use of Altera Corporation's design tools, logic functions 
and other software and tools, and its AMPP partner logic 
functions, and any output files from any of the foregoing 
(including device programming or simulation files), and any 
associated documentation or information are expressly subject 
to the terms and conditions of the Altera Program License 
Subscription Agreement, Altera MegaCore Function License 
Agreement, or other applicable license agreement, including, 
without limitation, that your use is for the sole purpose of 
programming logic devices manufactured by Altera and sold by 
Altera or its authorized distributors.  Please refer to the 
applicable agreement for further details.



+------------------------------------------------------------------------------+
; Analysis & Synthesis Summary                                                 ;
+------------------------------------+-----------------------------------------+
; Analysis & Synthesis Status        ; Successful - Fri Apr 26 22:27:28 2019   ;
; Quartus II Version                 ; 8.1 Build 163 10/28/2008 SJ Web Edition ;
; Revision Name                      ; zhengji                                 ;
; Top-level Entity Name              ; zhengji                                 ;
; Family                             ; Cyclone II                              ;
; Total logic elements               ; 116                                     ;
;     Total combinational functions  ; 116                                     ;
;     Dedicated logic registers      ; 46                                      ;
; Total registers                    ; 46                                      ;
; Total pins                         ; 54                                      ;
; Total virtual pins                 ; 0                                       ;
; Total memory bits                  ; 0                                       ;
; Embedded Multiplier 9-bit elements ; 0                                       ;
; Total PLLs                         ; 0                                       ;
+------------------------------------+-----------------------------------------+


+----------------------------------------------------------------------------------------------------------+
; Analysis & Synthesis Settings                                                                            ;
+----------------------------------------------------------------+--------------------+--------------------+
; Option                                                         ; Setting            ; Default Value      ;
+----------------------------------------------------------------+--------------------+--------------------+
; Device                                                         ; EP2C8Q208C8        ;                    ;
; Top-level entity name                                          ; zhengji            ; zhengji            ;
; Family name                                                    ; Cyclone II         ; Stratix II         ;
; Use Generated Physical Constraints File                        ; Off                ;                    ;
; Use smart compilation                                          ; Off                ; Off                ;
; Restructure Multiplexers                                       ; Auto               ; Auto               ;
; Create Debugging Nodes for IP Cores                            ; Off                ; Off                ;
; Preserve fewer node names                                      ; On                 ; On                 ;
; Disable OpenCore Plus hardware evaluation                      ; Off                ; Off                ;
; Verilog Version                                                ; Verilog_2001       ; Verilog_2001       ;
; VHDL Version                                                   ; VHDL93             ; VHDL93             ;
; State Machine Processing                                       ; Auto               ; Auto               ;
; Safe State Machine                                             ; Off                ; Off                ;
; Extract Verilog State Machines                                 ; On                 ; On                 ;
; Extract VHDL State Machines                                    ; On                 ; On                 ;
; Ignore Verilog initial constructs                              ; Off                ; Off                ;
; Iteration limit for constant Verilog loops                     ; 5000               ; 5000               ;
; Iteration limit for non-constant Verilog loops                 ; 250                ; 250                ;
; Add Pass-Through Logic to Inferred RAMs                        ; On                 ; On                 ;
; Parallel Synthesis                                             ; Off                ; Off                ;
; DSP Block Balancing                                            ; Auto               ; Auto               ;
; NOT Gate Push-Back                                             ; On                 ; On                 ;
; Power-Up Don't Care                                            ; On                 ; On                 ;
; Remove Redundant Logic Cells                                   ; Off                ; Off                ;
; Remove Duplicate Registers                                     ; On                 ; On                 ;
; Ignore CARRY Buffers                                           ; Off                ; Off                ;
; Ignore CASCADE Buffers                                         ; Off                ; Off                ;
; Ignore GLOBAL Buffers                                          ; Off                ; Off                ;
; Ignore ROW GLOBAL Buffers                                      ; Off                ; Off                ;
; Ignore LCELL Buffers                                           ; Off                ; Off                ;
; Ignore SOFT Buffers                                            ; On                 ; On                 ;
; Limit AHDL Integers to 32 Bits                                 ; Off                ; Off                ;
; Optimization Technique                                         ; Balanced           ; Balanced           ;
; Carry Chain Length                                             ; 70                 ; 70                 ;
; Auto Carry Chains                                              ; On                 ; On                 ;
; Auto Open-Drain Pins                                           ; On                 ; On                 ;
; Perform WYSIWYG Primitive Resynthesis                          ; Off                ; Off                ;
; Perform gate-level register retiming                           ; Off                ; Off                ;
; Allow register retiming to trade off Tsu/Tco with Fmax         ; On                 ; On                 ;
; Auto ROM Replacement                                           ; On                 ; On                 ;
; Auto RAM Replacement                                           ; On                 ; On                 ;
; Auto Shift Register Replacement                                ; Auto               ; Auto               ;
; Auto Clock Enable Replacement                                  ; On                 ; On                 ;
; Strict RAM Replacement                                         ; Off                ; Off                ;
; Allow Synchronous Control Signals                              ; On                 ; On                 ;
; Force Use of Synchronous Clear Signals                         ; Off                ; Off                ;
; Auto RAM to Logic Cell Conversion                              ; Off                ; Off                ;
; Auto Resource Sharing                                          ; Off                ; Off                ;
; Allow Any RAM Size For Recognition                             ; Off                ; Off                ;
; Allow Any ROM Size For Recognition                             ; Off                ; Off                ;
; Allow Any Shift Register Size For Recognition                  ; Off                ; Off                ;
; Use LogicLock Constraints during Resource Balancing            ; On                 ; On                 ;
; Ignore translate_off and synthesis_off directives              ; Off                ; Off                ;
; Show Parameter Settings Tables in Synthesis Report             ; On                 ; On                 ;
; Ignore Maximum Fan-Out Assignments                             ; Off                ; Off                ;
; Synchronization Register Chain Length                          ; 2                  ; 2                  ;
; PowerPlay Power Optimization                                   ; Normal compilation ; Normal compilation ;
; HDL message level                                              ; Level2             ; Level2             ;
; Suppress Register Optimization Related Messages                ; Off                ; Off                ;
; Number of Removed Registers Reported in Synthesis Report       ; 100                ; 100                ;
; Number of Inverted Registers Reported in Synthesis Report      ; 100                ; 100                ;
; Clock MUX Protection                                           ; On                 ; On                 ;
; Auto Gated Clock Conversion                                    ; Off                ; Off                ;
; Block Design Naming                                            ; Auto               ; Auto               ;
; SDC constraint protection                                      ; Off                ; Off                ;
; Synthesis Effort                                               ; Auto               ; Auto               ;
; Allows Asynchronous Clear Usage For Shift Register Replacement ; On                 ; On                 ;
; Analysis & Synthesis Message Level                             ; Medium             ; Medium             ;
+----------------------------------------------------------------+--------------------+--------------------+


+----------------------------------------------------------------------------------------------------------------------------------------------------------+
; Analysis & Synthesis Source Files Read                                                                                                                   ;
+----------------------------------+-----------------+------------------------------------------+----------------------------------------------------------+
; File Name with User-Entered Path ; Used in Netlist ; File Type                                ; File Name with Absolute Path                             ;
+----------------------------------+-----------------+------------------------------------------+----------------------------------------------------------+
; zhengji.bdf                      ; yes             ; User Block Diagram/Schematic File        ; D:/quartualsProject/zhengji/zhengji.bdf                  ;
; Scounter8.bdf                    ; yes             ; Auto-Found Block Diagram/Schematic File  ; D:/quartualsProject/zhengji/Scounter8.bdf                ;
; Scounter2.bdf                    ; yes             ; Auto-Found Block Diagram/Schematic File  ; D:/quartualsProject/zhengji/Scounter2.bdf                ;
; Selector1.bdf                    ; yes             ; Auto-Found Block Diagram/Schematic File  ; D:/quartualsProject/zhengji/Selector1.bdf                ;
; 8wei2xuan1.bdf                   ; yes             ; Auto-Found Block Diagram/Schematic File  ; D:/quartualsProject/zhengji/8wei2xuan1.bdf               ;
; TheOne8.bdf                      ; yes             ; Auto-Found Block Diagram/Schematic File  ; D:/quartualsProject/zhengji/TheOne8.bdf                  ;
; Start.bdf                        ; yes             ; Auto-Found Block Diagram/Schematic File  ; D:/quartualsProject/zhengji/Start.bdf                    ;
; 138.bdf                          ; yes             ; Auto-Found Block Diagram/Schematic File  ; D:/quartualsProject/zhengji/138.bdf                      ;
; Exper1.bdf                       ; yes             ; Auto-Found Block Diagram/Schematic File  ; D:/quartualsProject/zhengji/Exper1.bdf                   ;
; santaixuantong.bdf               ; yes             ; Auto-Found Block Diagram/Schematic File  ; D:/quartualsProject/zhengji/santaixuantong.bdf           ;
; ALU_2.bdf                        ; yes             ; Auto-Found Block Diagram/Schematic File  ; D:/quartualsProject/zhengji/ALU_2.bdf                    ;
; 74181.bdf                        ; yes             ; Megafunction                             ; d:/quartuals/quartus/libraries/others/maxplus2/74181.bdf ;
; 74182.bdf                        ; yes             ; Megafunction                             ; d:/quartuals/quartus/libraries/others/maxplus2/74182.bdf ;
+----------------------------------+-----------------+------------------------------------------+----------------------------------------------------------+


+-----------------------------------------------------+
; Analysis & Synthesis Resource Usage Summary         ;
+---------------------------------------------+-------+
; Resource                                    ; Usage ;
+---------------------------------------------+-------+
; Estimated Total logic elements              ; 116   ;
;                                             ;       ;
; Total combinational functions               ; 116   ;
; Logic element usage by number of LUT inputs ;       ;
;     -- 4 input functions                    ; 74    ;
;     -- 3 input functions                    ; 22    ;
;     -- <=2 input functions                  ; 20    ;
;                                             ;       ;
; Logic elements by mode                      ;       ;
;     -- normal mode                          ; 116   ;
;     -- arithmetic mode                      ; 0     ;
;                                             ;       ;
; Total registers                             ; 46    ;
;     -- Dedicated logic registers            ; 46    ;
;     -- I/O registers                        ; 0     ;
;                                             ;       ;
; I/O pins                                    ; 54    ;
; Maximum fan-out node                        ; CLR   ;
; Maximum fan-out                             ; 46    ;
; Total fan-out                               ; 579   ;
; Average fan-out                             ; 2.68  ;
+---------------------------------------------+-------+


+-------------------------------------------------------------------------------------------------------------------------------------------------------------------------------------------------------------------+
; Analysis & Synthesis Resource Utilization by Entity                                                                                                                                                               ;
+----------------------------+-------------------+--------------+-------------+--------------+---------+-----------+------+--------------+-----------------------------------------------------------+--------------+
; Compilation Hierarchy Node ; LC Combinationals ; LC Registers ; Memory Bits ; DSP Elements ; DSP 9x9 ; DSP 18x18 ; Pins ; Virtual Pins ; Full Hierarchy Name                                       ; Library Name ;
+----------------------------+-------------------+--------------+-------------+--------------+---------+-----------+------+--------------+-----------------------------------------------------------+--------------+
; |zhengji                   ; 116 (5)           ; 46 (0)       ; 0           ; 0            ; 0       ; 0         ; 54   ; 0            ; |zhengji                                                  ; work         ;
;    |138:inst10|            ; 1 (1)             ; 0 (0)        ; 0           ; 0            ; 0       ; 0         ; 0    ; 0            ; |zhengji|138:inst10                                       ; work         ;
;    |138:inst30|            ; 5 (5)             ; 0 (0)        ; 0           ; 0            ; 0       ; 0         ; 0    ; 0            ; |zhengji|138:inst30                                       ; work         ;
;    |8wei2xuan1:inst28|     ; 5 (5)             ; 0 (0)        ; 0           ; 0            ; 0       ; 0         ; 0    ; 0            ; |zhengji|8wei2xuan1:inst28                                ; work         ;
;    |ALU_2:inst7|           ; 29 (0)            ; 0 (0)        ; 0           ; 0            ; 0       ; 0         ; 0    ; 0            ; |zhengji|ALU_2:inst7                                      ; work         ;
;       |74181:inst1|        ; 12 (12)           ; 0 (0)        ; 0           ; 0            ; 0       ; 0         ; 0    ; 0            ; |zhengji|ALU_2:inst7|74181:inst1                          ; work         ;
;       |74181:inst|         ; 12 (12)           ; 0 (0)        ; 0           ; 0            ; 0       ; 0         ; 0    ; 0            ; |zhengji|ALU_2:inst7|74181:inst                           ; work         ;
;       |74182:inst2|        ; 5 (5)             ; 0 (0)        ; 0           ; 0            ; 0       ; 0         ; 0    ; 0            ; |zhengji|ALU_2:inst7|74182:inst2                          ; work         ;
;    |Exper1:inst13|         ; 8 (8)             ; 0 (0)        ; 0           ; 0            ; 0       ; 0         ; 0    ; 0            ; |zhengji|Exper1:inst13                                    ; work         ;
;    |Exper1:inst16|         ; 14 (14)           ; 0 (0)        ; 0           ; 0            ; 0       ; 0         ; 0    ; 0            ; |zhengji|Exper1:inst16                                    ; work         ;
;    |Exper1:inst29|         ; 16 (16)           ; 0 (0)        ; 0           ; 0            ; 0       ; 0         ; 0    ; 0            ; |zhengji|Exper1:inst29                                    ; work         ;
;    |Scounter8:inst14|      ; 20 (2)            ; 8 (0)        ; 0           ; 0            ; 0       ; 0         ; 0    ; 0            ; |zhengji|Scounter8:inst14                                 ; work         ;
;       |Scounter2:inst4|    ; 5 (2)             ; 2 (2)        ; 0           ; 0            ; 0       ; 0         ; 0    ; 0            ; |zhengji|Scounter8:inst14|Scounter2:inst4                 ; work         ;
;          |Selector1:inst7| ; 3 (3)             ; 0 (0)        ; 0           ; 0            ; 0       ; 0         ; 0    ; 0            ; |zhengji|Scounter8:inst14|Scounter2:inst4|Selector1:inst7 ; work         ;
;       |Scounter2:inst5|    ; 5 (2)             ; 2 (2)        ; 0           ; 0            ; 0       ; 0         ; 0    ; 0            ; |zhengji|Scounter8:inst14|Scounter2:inst5                 ; work         ;
;          |Selector1:inst7| ; 3 (3)             ; 0 (0)        ; 0           ; 0            ; 0       ; 0         ; 0    ; 0            ; |zhengji|Scounter8:inst14|Scounter2:inst5|Selector1:inst7 ; work         ;
;       |Scounter2:inst6|    ; 4 (3)             ; 2 (2)        ; 0           ; 0            ; 0       ; 0         ; 0    ; 0            ; |zhengji|Scounter8:inst14|Scounter2:inst6                 ; work         ;
;          |Selector1:inst7| ; 1 (1)             ; 0 (0)        ; 0           ; 0            ; 0       ; 0         ; 0    ; 0            ; |zhengji|Scounter8:inst14|Scounter2:inst6|Selector1:inst7 ; work         ;
;       |Scounter2:inst7|    ; 4 (2)             ; 2 (2)        ; 0           ; 0            ; 0       ; 0         ; 0    ; 0            ; |zhengji|Scounter8:inst14|Scounter2:inst7                 ; work         ;
;          |Selector1:inst5| ; 1 (1)             ; 0 (0)        ; 0           ; 0            ; 0       ; 0         ; 0    ; 0            ; |zhengji|Scounter8:inst14|Scounter2:inst7|Selector1:inst5 ; work         ;
;          |Selector1:inst7| ; 1 (1)             ; 0 (0)        ; 0           ; 0            ; 0       ; 0         ; 0    ; 0            ; |zhengji|Scounter8:inst14|Scounter2:inst7|Selector1:inst7 ; work         ;
;    |Scounter8:inst5|       ; 10 (2)            ; 8 (0)        ; 0           ; 0            ; 0       ; 0         ; 0    ; 0            ; |zhengji|Scounter8:inst5                                  ; work         ;
;       |Scounter2:inst4|    ; 2 (2)             ; 2 (2)        ; 0           ; 0            ; 0       ; 0         ; 0    ; 0            ; |zhengji|Scounter8:inst5|Scounter2:inst4                  ; work         ;
;       |Scounter2:inst5|    ; 2 (2)             ; 2 (2)        ; 0           ; 0            ; 0       ; 0         ; 0    ; 0            ; |zhengji|Scounter8:inst5|Scounter2:inst5                  ; work         ;
;       |Scounter2:inst6|    ; 2 (2)             ; 2 (2)        ; 0           ; 0            ; 0       ; 0         ; 0    ; 0            ; |zhengji|Scounter8:inst5|Scounter2:inst6                  ; work         ;
;       |Scounter2:inst7|    ; 2 (2)             ; 2 (2)        ; 0           ; 0            ; 0       ; 0         ; 0    ; 0            ; |zhengji|Scounter8:inst5|Scounter2:inst7                  ; work         ;
;    |Start:inst|            ; 3 (3)             ; 2 (2)        ; 0           ; 0            ; 0       ; 0         ; 0    ; 0            ; |zhengji|Start:inst                                       ; work         ;
;    |TheOne8:inst1|         ; 0 (0)             ; 4 (4)        ; 0           ; 0            ; 0       ; 0         ; 0    ; 0            ; |zhengji|TheOne8:inst1                                    ; work         ;
;    |TheOne8:inst2|         ; 0 (0)             ; 8 (8)        ; 0           ; 0            ; 0       ; 0         ; 0    ; 0            ; |zhengji|TheOne8:inst2                                    ; work         ;
;    |TheOne8:inst3|         ; 0 (0)             ; 8 (8)        ; 0           ; 0            ; 0       ; 0         ; 0    ; 0            ; |zhengji|TheOne8:inst3                                    ; work         ;
;    |TheOne8:inst6|         ; 0 (0)             ; 8 (8)        ; 0           ; 0            ; 0       ; 0         ; 0    ; 0            ; |zhengji|TheOne8:inst6                                    ; work         ;
+----------------------------+-------------------+--------------+-------------+--------------+---------+-----------+------+--------------+-----------------------------------------------------------+--------------+
Note: For table entries with two numbers listed, the numbers in parentheses indicate the number of resources of the given type used by the specific entity alone. The numbers listed outside of parentheses indicate the total resources of the given type used by the specific entity and all of its sub-entities in the hierarchy.


+------------------------------------------------------+
; General Register Statistics                          ;
+----------------------------------------------+-------+
; Statistic                                    ; Value ;
+----------------------------------------------+-------+
; Total registers                              ; 46    ;
; Number of registers using Synchronous Clear  ; 0     ;
; Number of registers using Synchronous Load   ; 3     ;
; Number of registers using Asynchronous Clear ; 46    ;
; Number of registers using Asynchronous Load  ; 0     ;
; Number of registers using Clock Enable       ; 0     ;
; Number of registers using Preset             ; 0     ;
+----------------------------------------------+-------+


+-------------------------------+
; Analysis & Synthesis Messages ;
+-------------------------------+
Info: *******************************************************************
Info: Running Quartus II Analysis & Synthesis
    Info: Version 8.1 Build 163 10/28/2008 SJ Web Edition
    Info: Processing started: Fri Apr 26 22:27:26 2019
Info: Command: quartus_map --read_settings_files=on --write_settings_files=off zhengji -c zhengji
Info: Found 1 design units, including 1 entities, in source file zhengji.bdf
    Info: Found entity 1: zhengji
Info: Elaborating entity "zhengji" for the top level hierarchy
Warning: Block or symbol "TheOne8" of instance "inst6" overlaps another block or symbol
Warning: Using design file Scounter8.bdf, which is not specified as a design file for the current project, but contains definitions for 1 design units and 1 entities in project
    Info: Found entity 1: Scounter8
Info: Elaborating entity "Scounter8" for hierarchy "Scounter8:inst14"
Warning: Using design file Scounter2.bdf, which is not specified as a design file for the current project, but contains definitions for 1 design units and 1 entities in project
    Info: Found entity 1: Scounter2
Info: Elaborating entity "Scounter2" for hierarchy "Scounter8:inst14|Scounter2:inst7"
Warning: Using design file Selector1.bdf, which is not specified as a design file for the current project, but contains definitions for 1 design units and 1 entities in project
    Info: Found entity 1: Selector1
Info: Elaborating entity "Selector1" for hierarchy "Scounter8:inst14|Scounter2:inst7|Selector1:inst5"
Warning: Using design file 8wei2xuan1.bdf, which is not specified as a design file for the current project, but contains definitions for 1 design units and 1 entities in project
    Info: Found entity 1: 8wei2xuan1
Info: Elaborating entity "8wei2xuan1" for hierarchy "8wei2xuan1:inst28"
Warning: Using design file TheOne8.bdf, which is not specified as a design file for the current project, but contains definitions for 1 design units and 1 entities in project
    Info: Found entity 1: TheOne8
Info: Elaborating entity "TheOne8" for hierarchy "TheOne8:inst1"
Warning: Using design file Start.bdf, which is not specified as a design file for the current project, but contains definitions for 1 design units and 1 entities in project
    Info: Found entity 1: Start
Info: Elaborating entity "Start" for hierarchy "Start:inst"
Warning: Using design file 138.bdf, which is not specified as a design file for the current project, but contains definitions for 1 design units and 1 entities in project
    Info: Found entity 1: 138
Info: Elaborating entity "138" for hierarchy "138:inst20"
Warning: Primitive "AND2" of instance "inst19" not used
Warning: Using design file Exper1.bdf, which is not specified as a design file for the current project, but contains definitions for 1 design units and 1 entities in project
    Info: Found entity 1: Exper1
Info: Elaborating entity "Exper1" for hierarchy "Exper1:inst29"
Warning: Primitive "AND2" of instance "inst10" not used
Warning: Using design file santaixuantong.bdf, which is not specified as a design file for the current project, but contains definitions for 1 design units and 1 entities in project
    Info: Found entity 1: santaixuantong
Info: Elaborating entity "santaixuantong" for hierarchy "santaixuantong:inst4"
Warning: Using design file ALU_2.bdf, which is not specified as a design file for the current project, but contains definitions for 1 design units and 1 entities in project
    Info: Found entity 1: ALU_2
Info: Elaborating entity "ALU_2" for hierarchy "ALU_2:inst7"
Info: Elaborating entity "74181" for hierarchy "ALU_2:inst7|74181:inst"
Info: Elaborated megafunction instantiation "ALU_2:inst7|74181:inst"
Info: Elaborating entity "74182" for hierarchy "ALU_2:inst7|74182:inst2"
Info: Elaborated megafunction instantiation "ALU_2:inst7|74182:inst2"
Info: Ignored 30 buffer(s)
    Info: Ignored 30 SOFT buffer(s)
Warning: Tri-state node(s) do not directly drive top-level pin(s)
    Warning: Converted the fan-out from the tri-state buffer "santaixuantong:inst4|inst19" to the node "Exper1:inst29|inst" into an OR gate
    Warning: Converted the fan-out from the tri-state buffer "santaixuantong:inst4|inst17" to the node "Exper1:inst29|inst23" into an OR gate
    Warning: Converted the fan-out from the tri-state buffer "santaixuantong:inst4|inst15" to the node "Exper1:inst29|inst25" into an OR gate
    Warning: Converted the fan-out from the tri-state buffer "santaixuantong:inst4|inst13" to the node "Exper1:inst29|inst26" into an OR gate
    Warning: Converted the fan-out from the tri-state buffer "santaixuantong:inst4|inst11" to the node "Exper1:inst29|inst28" into an OR gate
    Warning: Converted the fan-out from the tri-state buffer "santaixuantong:inst4|inst9" to the node "Exper1:inst29|inst31" into an OR gate
    Warning: Converted the fan-out from the tri-state buffer "santaixuantong:inst4|inst7" to the node "Exper1:inst29|inst34" into an OR gate
    Warning: Converted the fan-out from the tri-state buffer "santaixuantong:inst4|inst5" to the node "Exper1:inst29|inst37" into an OR gate
Info: Implemented 175 device resources after synthesis - the final resource count might be different
    Info: Implemented 26 input pins
    Info: Implemented 20 output pins
    Info: Implemented 8 bidirectional pins
    Info: Implemented 121 logic cells
Info: Quartus II Analysis & Synthesis was successful. 0 errors, 22 warnings
    Info: Peak virtual memory: 236 megabytes
    Info: Processing ended: Fri Apr 26 22:27:28 2019
    Info: Elapsed time: 00:00:02
    Info: Total CPU time (on all processors): 00:00:02


